{"level":"error","message":"Failed to fetch subscriptions: (0 , _lib_utils_validator__WEBPACK_IMPORTED_MODULE_2__.isValidBase64) is not a function","stack":"TypeError: (0 , _lib_utils_validator__WEBPACK_IMPORTED_MODULE_2__.isValidBase64) is not a function\n    at fetchSubscriptions (webpack-internal:///(rsc)/./src/lib/services/subscription-service.ts:119:95)\n    at process.processTicksAndRejections (node:internal/process/task_queues:95:5)\n    at async getSubscriptionData (webpack-internal:///(rsc)/./src/lib/services/subscription-service.ts:56:37)\n    at async GET (webpack-internal:///(rsc)/./src/app/[...slug]/route.ts:78:34)\n    at async AppRouteRouteModule.do (D:\\codes\\CF-Workers-SUB-nodejs\\cf-sub-converter\\node_modules\\.pnpm\\next@15.3.3_react-dom@19.1.0_react@19.1.0__react@19.1.0\\node_modules\\next\\dist\\compiled\\next-server\\app-route.runtime.dev.js:26:34112)\n    at async AppRouteRouteModule.handle (D:\\codes\\CF-Workers-SUB-nodejs\\cf-sub-converter\\node_modules\\.pnpm\\next@15.3.3_react-dom@19.1.0_react@19.1.0__react@19.1.0\\node_modules\\next\\dist\\compiled\\next-server\\app-route.runtime.dev.js:26:41338)\n    at async doRender (D:\\codes\\CF-Workers-SUB-nodejs\\cf-sub-converter\\node_modules\\.pnpm\\next@15.3.3_react-dom@19.1.0_react@19.1.0__react@19.1.0\\node_modules\\next\\dist\\server\\base-server.js:1518:42)\n    at async DevServer.renderToResponseWithComponentsImpl (D:\\codes\\CF-Workers-SUB-nodejs\\cf-sub-converter\\node_modules\\.pnpm\\next@15.3.3_react-dom@19.1.0_react@19.1.0__react@19.1.0\\node_modules\\next\\dist\\server\\base-server.js:1920:28)\n    at async DevServer.renderPageComponent (D:\\codes\\CF-Workers-SUB-nodejs\\cf-sub-converter\\node_modules\\.pnpm\\next@15.3.3_react-dom@19.1.0_react@19.1.0__react@19.1.0\\node_modules\\next\\dist\\server\\base-server.js:2408:24)\n    at async DevServer.renderToResponseImpl (D:\\codes\\CF-Workers-SUB-nodejs\\cf-sub-converter\\node_modules\\.pnpm\\next@15.3.3_react-dom@19.1.0_react@19.1.0__react@19.1.0\\node_modules\\next\\dist\\server\\base-server.js:2445:32)\n    at async DevServer.pipeImpl (D:\\codes\\CF-Workers-SUB-nodejs\\cf-sub-converter\\node_modules\\.pnpm\\next@15.3.3_react-dom@19.1.0_react@19.1.0__react@19.1.0\\node_modules\\next\\dist\\server\\base-server.js:1008:25)\n    at async NextNodeServer.handleCatchallRenderRequest (D:\\codes\\CF-Workers-SUB-nodejs\\cf-sub-converter\\node_modules\\.pnpm\\next@15.3.3_react-dom@19.1.0_react@19.1.0__react@19.1.0\\node_modules\\next\\dist\\server\\next-server.js:305:17)\n    at async DevServer.handleRequestImpl (D:\\codes\\CF-Workers-SUB-nodejs\\cf-sub-converter\\node_modules\\.pnpm\\next@15.3.3_react-dom@19.1.0_react@19.1.0__react@19.1.0\\node_modules\\next\\dist\\server\\base-server.js:900:17)\n    at async D:\\codes\\CF-Workers-SUB-nodejs\\cf-sub-converter\\node_modules\\.pnpm\\next@15.3.3_react-dom@19.1.0_react@19.1.0__react@19.1.0\\node_modules\\next\\dist\\server\\dev\\next-dev-server.js:371:20\n    at async Span.traceAsyncFn (D:\\codes\\CF-Workers-SUB-nodejs\\cf-sub-converter\\node_modules\\.pnpm\\next@15.3.3_react-dom@19.1.0_react@19.1.0__react@19.1.0\\node_modules\\next\\dist\\trace\\trace.js:157:20)\n    at async DevServer.handleRequest (D:\\codes\\CF-Workers-SUB-nodejs\\cf-sub-converter\\node_modules\\.pnpm\\next@15.3.3_react-dom@19.1.0_react@19.1.0__react@19.1.0\\node_modules\\next\\dist\\server\\dev\\next-dev-server.js:368:24)\n    at async invokeRender (D:\\codes\\CF-Workers-SUB-nodejs\\cf-sub-converter\\node_modules\\.pnpm\\next@15.3.3_react-dom@19.1.0_react@19.1.0__react@19.1.0\\node_modules\\next\\dist\\server\\lib\\router-server.js:237:21)\n    at async handleRequest (D:\\codes\\CF-Workers-SUB-nodejs\\cf-sub-converter\\node_modules\\.pnpm\\next@15.3.3_react-dom@19.1.0_react@19.1.0__react@19.1.0\\node_modules\\next\\dist\\server\\lib\\router-server.js:428:24)\n    at async requestHandlerImpl (D:\\codes\\CF-Workers-SUB-nodejs\\cf-sub-converter\\node_modules\\.pnpm\\next@15.3.3_react-dom@19.1.0_react@19.1.0__react@19.1.0\\node_modules\\next\\dist\\server\\lib\\router-server.js:452:13)\n    at async Server.requestListener (D:\\codes\\CF-Workers-SUB-nodejs\\cf-sub-converter\\node_modules\\.pnpm\\next@15.3.3_react-dom@19.1.0_react@19.1.0__react@19.1.0\\node_modules\\next\\dist\\server\\lib\\start-server.js:158:13)","timestamp":"2025-06-14T02:32:46.657Z"}
{"ip":"::1","level":"info","message":"Access log:","path":"/auto","timestamp":"2025-06-14T02:32:50.942Z","userAgent":""}
{"ip":"::1","level":"info","message":"Access log:","path":"/auto","timestamp":"2025-06-14T02:32:56.394Z","userAgent":"curl/7.75.0"}
{"ip":"::1","level":"info","message":"Access log:","path":"/auto?b64","timestamp":"2025-06-14T02:33:00.441Z","userAgent":"Mozilla/5.0 (Windows NT 10.0; Win64; x64) AppleWebKit/537.36 (KHTML, like Gecko) Chrome/137.0.0.0 Safari/537.36"}
{"ip":"::1","level":"info","message":"Access log:","path":"/auto","timestamp":"2025-06-14T02:33:02.131Z","userAgent":"curl/7.75.0"}
{"ip":"::1","level":"info","message":"Access log:","path":"/auto?b64","timestamp":"2025-06-14T02:33:14.824Z","userAgent":"v2rayN/6.23"}
{"ip":"::1","level":"info","message":"Access log:","path":"/auto?clash","timestamp":"2025-06-14T02:33:29.745Z","userAgent":"Mozilla/5.0 (Windows NT 10.0; Win64; x64) AppleWebKit/537.36 (KHTML, like Gecko) Chrome/137.0.0.0 Safari/537.36"}
{"ip":"::1","level":"info","message":"Edit access log:","path":"/api/edit","timestamp":"2025-06-14T02:38:50.339Z","token":"auto","userAgent":"Mozilla/5.0 (Windows NT 10.0; Win64; x64) AppleWebKit/537.36 (KHTML, like Gecko) Chrome/137.0.0.0 Safari/537.36"}
{"ip":"::1","level":"info","message":"Edit access log:","path":"/api/edit","timestamp":"2025-06-14T02:38:50.386Z","token":"auto","userAgent":"Mozilla/5.0 (Windows NT 10.0; Win64; x64) AppleWebKit/537.36 (KHTML, like Gecko) Chrome/137.0.0.0 Safari/537.36"}
{"ip":"::1","level":"info","message":"Edit access log:","path":"/api/edit","timestamp":"2025-06-14T02:39:05.319Z","token":"auto","userAgent":"curl/7.75.0"}
{"contentLength":15,"level":"info","message":"Saving subscription content","timestamp":"2025-06-14T02:39:15.409Z","token":"auto"}
{"contentLength":15,"level":"info","message":"Subscription content saved","timestamp":"2025-06-14T02:39:15.410Z","token":"auto"}
{"ip":"::1","level":"info","message":"Edit access log:","path":"/api/edit","timestamp":"2025-06-14T02:39:20.732Z","token":"auto","userAgent":"Mozilla/5.0"}
{"contentLength":364,"level":"info","message":"Subscription content saved","storageStats":{"lastUpdated":"2025-06-14T02:41:34.764Z","tokens":["auto"],"totalTokens":1},"timestamp":"2025-06-14T02:41:34.764Z","token":"auto"}
{"ip":"::1","level":"info","message":"Edit access log:","path":"/api/edit","timestamp":"2025-06-14T02:41:40.585Z","token":"auto","userAgent":"curl/7.75.0"}
{"ip":"::1","level":"info","message":"Access log:","path":"/auto","timestamp":"2025-06-14T02:41:46.703Z","userAgent":"curl/7.75.0"}
{"base64Length":76,"contentLength":57,"hasStoredContent":false,"level":"info","message":"Subscription served","timestamp":"2025-06-14T02:41:46.705Z","token":"auto"}
{"contentLength":364,"level":"info","message":"Subscription content saved","storageStats":{"lastUpdated":"2025-06-14T02:42:58.338Z","tokens":["auto"],"totalTokens":1},"timestamp":"2025-06-14T02:42:58.338Z","token":"auto"}
{"ip":"::1","level":"info","message":"Access log:","path":"/auto","timestamp":"2025-06-14T02:44:25.572Z","userAgent":"curl/7.75.0"}
{"base64Length":488,"contentLength":364,"hasStoredContent":true,"level":"info","message":"Subscription served","timestamp":"2025-06-14T02:44:25.573Z","token":"auto"}
{"ip":"::1","level":"info","message":"Edit access log:","path":"/api/edit","timestamp":"2025-06-14T02:46:10.547Z","token":"auto","userAgent":"Mozilla/5.0 (Windows NT 10.0; Win64; x64) AppleWebKit/537.36 (KHTML, like Gecko) Chrome/137.0.0.0 Safari/537.36"}
{"ip":"::1","level":"info","message":"Edit access log:","path":"/api/edit","timestamp":"2025-06-14T02:47:12.411Z","token":"auto","userAgent":"Mozilla/5.0 (Windows NT 10.0; Win64; x64) AppleWebKit/537.36 (KHTML, like Gecko) Chrome/137.0.0.0 Safari/537.36"}
{"ip":"::1","level":"warn","message":"Invalid token access attempt","timestamp":"2025-06-14T02:48:44.503Z","token":null,"userAgent":"Mozilla/5.0 (Windows NT 10.0; Win64; x64) AppleWebKit/537.36 (KHTML, like Gecko) Chrome/137.0.0.0 Safari/537.36"}
{"ip":"::1","level":"info","message":"Edit API access:","path":"/api/edit","timestamp":"2025-06-14T02:49:20.604Z","token":"auto","userAgent":"curl/7.75.0"}
{"ip":"::1","level":"info","message":"Edit API access:","path":"/api/edit","timestamp":"2025-06-14T02:49:25.339Z","token":"auto","userAgent":"Mozilla/5.0"}
{"contentLength":21,"level":"info","message":"Subscription content saved","storageStats":{"lastUpdated":"2025-06-14T02:49:41.149Z","tokens":["auto"],"totalTokens":1},"timestamp":"2025-06-14T02:49:41.149Z","token":"auto"}
{"ip":"::1","level":"info","message":"Edit API access:","path":"/api/edit","timestamp":"2025-06-14T02:49:45.451Z","token":"auto","userAgent":"curl/7.75.0"}
{"ip":"::1","level":"info","message":"Access log:","path":"/auto","timestamp":"2025-06-14T02:49:50.616Z","userAgent":"curl/7.75.0"}
{"base64Length":76,"contentLength":57,"hasStoredContent":false,"level":"info","message":"Subscription served","timestamp":"2025-06-14T02:49:50.616Z","token":"auto"}
{"contentLength":21,"level":"info","message":"Subscription content saved","storageStats":{"lastUpdated":"2025-06-14T02:50:02.486Z","tokens":["auto"],"totalTokens":1},"timestamp":"2025-06-14T02:50:02.486Z","token":"auto"}
{"ip":"::1","level":"info","message":"Access log:","path":"/auto","timestamp":"2025-06-14T02:50:07.339Z","userAgent":"curl/7.75.0"}
{"base64Length":28,"contentLength":21,"hasStoredContent":true,"level":"info","message":"Subscription served","timestamp":"2025-06-14T02:50:07.340Z","token":"auto"}
{"ip":"::1","level":"info","message":"Edit API access:","path":"/api/edit","timestamp":"2025-06-14T02:51:50.393Z","token":"auto","userAgent":"Mozilla/5.0 (Windows NT 10.0; Win64; x64) AppleWebKit/537.36 (KHTML, like Gecko) Chrome/137.0.0.0 Safari/537.36"}
{"ip":"::1","level":"info","message":"Edit API access:","path":"/api/edit","timestamp":"2025-06-14T02:51:53.082Z","token":"auto","userAgent":"Mozilla/5.0 (Windows NT 10.0; Win64; x64) AppleWebKit/537.36 (KHTML, like Gecko) Chrome/137.0.0.0 Safari/537.36"}
{"contentLength":942,"level":"info","message":"Subscription content saved","storageStats":{"lastUpdated":"2025-06-14T02:52:09.150Z","tokens":["auto"],"totalTokens":1},"timestamp":"2025-06-14T02:52:09.150Z","token":"auto"}
{"ip":"::1","level":"info","message":"Edit API access:","path":"/api/edit","timestamp":"2025-06-14T02:52:14.396Z","token":"auto","userAgent":"Mozilla/5.0 (Windows NT 10.0; Win64; x64) AppleWebKit/537.36 (KHTML, like Gecko) Chrome/137.0.0.0 Safari/537.36"}
{"ip":"::1","level":"info","message":"Access log:","path":"/auto?b64","timestamp":"2025-06-14T02:52:32.588Z","userAgent":"v2rayN/6.23"}
{"base64Length":76,"contentLength":57,"hasStoredContent":false,"level":"info","message":"Subscription served","timestamp":"2025-06-14T02:52:32.589Z","token":"auto"}
{"ip":"::1","level":"info","message":"Access log:","path":"/auto?b64","timestamp":"2025-06-14T02:52:50.065Z","userAgent":"Mozilla/5.0 (Windows NT 10.0; Win64; x64) AppleWebKit/537.36 (KHTML, like Gecko) Chrome/137.0.0.0 Safari/537.36"}
{"base64Length":76,"contentLength":57,"hasStoredContent":false,"level":"info","message":"Subscription served","timestamp":"2025-06-14T02:52:50.066Z","token":"auto"}
{"level":"info","message":"Route handler started","timestamp":"2025-06-14T04:59:58.671Z"}
{"level":"info","message":"Params resolved:","slug":["auto"],"timestamp":"2025-06-14T04:59:58.672Z"}
{"ip":"::1","level":"info","message":"Request details:","pathname":"/auto","search":"","timestamp":"2025-06-14T04:59:58.673Z","url":"http://localhost:3000/auto","userAgent":"Mozilla/5.0 (Windows NT 10.0; Win64; x64) AppleWebKit/537.36 (KHTML, like Gecko) Chrome/137.0.0.0 Safari/537.36"}
{"level":"info","message":"Path token:","timestamp":"2025-06-14T04:59:58.673Z"}
{"level":"info","message":"Token validation result:","timestamp":"2025-06-14T04:59:58.673Z"}
{"level":"info","message":"Token validation passed","timestamp":"2025-06-14T04:59:58.674Z"}
{"level":"info","message":"Browser access detected, redirecting to edit page","timestamp":"2025-06-14T04:59:58.674Z"}
{"level":"info","message":"Route handler started","timestamp":"2025-06-14T05:03:07.037Z"}
{"level":"info","message":"Params resolved:","slug":["auto"],"timestamp":"2025-06-14T05:03:07.040Z"}
{"ip":"::1","level":"info","message":"Request details:","pathname":"/auto","search":"","timestamp":"2025-06-14T05:03:07.040Z","url":"http://localhost:3000/auto","userAgent":"v2rayN"}
{"level":"info","message":"Path token:","timestamp":"2025-06-14T05:03:07.041Z"}
{"level":"info","message":"Token validation result:","timestamp":"2025-06-14T05:03:07.041Z"}
{"level":"info","message":"Token validation passed","timestamp":"2025-06-14T05:03:07.041Z"}
{"level":"info","message":"Processing subscription request","timestamp":"2025-06-14T05:03:07.041Z"}
{"ip":"::1","level":"info","message":"Subscription access:","path":"/auto","timestamp":"2025-06-14T05:03:07.042Z","token":"auto","userAgent":"v2rayN"}
{"level":"info","message":"Starting subscription processing","timestamp":"2025-06-14T05:03:07.042Z"}
{"length":57,"level":"info","message":"Main data loaded:","timestamp":"2025-06-14T05:03:07.043Z"}
{"level":"info","message":"Content classified:","selfNodes":0,"subscriptionUrls":1,"timestamp":"2025-06-14T05:03:07.044Z","totalLines":1}
{"level":"info","message":"Target format detected:","timestamp":"2025-06-14T05:03:07.044Z"}
{"0":"https://raw.githubusercontent.com/mfuu/v2ray/master/v2ray","level":"info","message":"Fetching external subscriptions:","timestamp":"2025-06-14T05:03:07.045Z"}
{"level":"info","message":"External subscriptions fetched","timestamp":"2025-06-14T05:03:08.463Z"}
{"length":84357,"level":"info","message":"Content cleaned:","timestamp":"2025-06-14T05:03:08.464Z"}
{"length":112500,"level":"info","message":"Base64 encoded:","timestamp":"2025-06-14T05:03:08.471Z"}
{"level":"info","message":"Returning base64 format","timestamp":"2025-06-14T05:03:08.472Z"}
{"level":"info","message":"Route handler started","timestamp":"2025-06-14T05:03:34.964Z"}
{"level":"info","message":"Params resolved:","slug":["auto"],"timestamp":"2025-06-14T05:03:34.966Z"}
{"ip":"::1","level":"info","message":"Request details:","pathname":"/auto","search":"","timestamp":"2025-06-14T05:03:34.966Z","url":"http://localhost:3000/auto","userAgent":"Mozilla/5.0 (Windows NT 10.0; Win64; x64) AppleWebKit/537.36 (KHTML, like Gecko) Chrome/137.0.0.0 Safari/537.36"}
{"level":"info","message":"Path token:","timestamp":"2025-06-14T05:03:34.967Z"}
{"level":"info","message":"Token validation result:","timestamp":"2025-06-14T05:03:34.967Z"}
{"level":"info","message":"Token validation passed","timestamp":"2025-06-14T05:03:34.967Z"}
{"level":"info","message":"Browser access detected, redirecting to edit page","timestamp":"2025-06-14T05:03:34.967Z"}
{"level":"info","message":"Route handler started","timestamp":"2025-06-14T05:03:39.726Z"}
{"level":"info","message":"Params resolved:","slug":["auto"],"timestamp":"2025-06-14T05:03:39.726Z"}
{"ip":"::1","level":"info","message":"Request details:","pathname":"/auto","search":"?b64","timestamp":"2025-06-14T05:03:39.727Z","url":"http://localhost:3000/auto?b64","userAgent":"Mozilla/5.0 (Windows NT 10.0; Win64; x64) AppleWebKit/537.36 (KHTML, like Gecko) Chrome/137.0.0.0 Safari/537.36"}
{"level":"info","message":"Path token:","timestamp":"2025-06-14T05:03:39.727Z"}
{"level":"info","message":"Token validation result:","timestamp":"2025-06-14T05:03:39.728Z"}
{"level":"info","message":"Token validation passed","timestamp":"2025-06-14T05:03:39.728Z"}
{"level":"info","message":"Processing subscription request","timestamp":"2025-06-14T05:03:39.728Z"}
{"ip":"::1","level":"info","message":"Subscription access:","path":"/auto?b64","timestamp":"2025-06-14T05:03:39.729Z","token":"auto","userAgent":"Mozilla/5.0 (Windows NT 10.0; Win64; x64) AppleWebKit/537.36 (KHTML, like Gecko) Chrome/137.0.0.0 Safari/537.36"}
{"level":"info","message":"Starting subscription processing","timestamp":"2025-06-14T05:03:39.729Z"}
{"length":57,"level":"info","message":"Main data loaded:","timestamp":"2025-06-14T05:03:39.729Z"}
{"level":"info","message":"Content classified:","selfNodes":0,"subscriptionUrls":1,"timestamp":"2025-06-14T05:03:39.729Z","totalLines":1}
{"level":"info","message":"Target format detected:","timestamp":"2025-06-14T05:03:39.729Z"}
{"0":"https://raw.githubusercontent.com/mfuu/v2ray/master/v2ray","level":"info","message":"Fetching external subscriptions:","timestamp":"2025-06-14T05:03:39.730Z"}
{"error":{},"level":"error","message":"Single subscription fetch error:","timestamp":"2025-06-14T05:03:41.731Z","url":"https://raw.githubusercontent.com/mfuu/v2ray/master/v2ray"}
{"error":"Unknown error","level":"warn","message":"Subscription fetch failed:","timestamp":"2025-06-14T05:03:41.731Z","url":"https://raw.githubusercontent.com/mfuu/v2ray/master/v2ray"}
{"level":"info","message":"External subscriptions fetched","timestamp":"2025-06-14T05:03:41.732Z"}
{"length":118,"level":"info","message":"Content cleaned:","timestamp":"2025-06-14T05:03:41.732Z"}
{"length":168,"level":"info","message":"Base64 encoded:","timestamp":"2025-06-14T05:03:41.732Z"}
{"level":"info","message":"Returning base64 format","timestamp":"2025-06-14T05:03:41.732Z"}
{"level":"info","message":"Route handler started","timestamp":"2025-06-14T05:03:49.956Z"}
{"level":"info","message":"Params resolved:","slug":["auto"],"timestamp":"2025-06-14T05:03:49.957Z"}
{"ip":"::1","level":"info","message":"Request details:","pathname":"/auto","search":"?b64","timestamp":"2025-06-14T05:03:49.957Z","url":"http://localhost:3000/auto?b64","userAgent":"v2rayN/6.23"}
{"level":"info","message":"Path token:","timestamp":"2025-06-14T05:03:49.957Z"}
{"level":"info","message":"Token validation result:","timestamp":"2025-06-14T05:03:49.957Z"}
{"level":"info","message":"Token validation passed","timestamp":"2025-06-14T05:03:49.957Z"}
{"level":"info","message":"Processing subscription request","timestamp":"2025-06-14T05:03:49.958Z"}
{"ip":"::1","level":"info","message":"Subscription access:","path":"/auto?b64","timestamp":"2025-06-14T05:03:49.958Z","token":"auto","userAgent":"v2rayN/6.23"}
{"level":"info","message":"Starting subscription processing","timestamp":"2025-06-14T05:03:49.958Z"}
{"length":57,"level":"info","message":"Main data loaded:","timestamp":"2025-06-14T05:03:49.958Z"}
{"level":"info","message":"Content classified:","selfNodes":0,"subscriptionUrls":1,"timestamp":"2025-06-14T05:03:49.958Z","totalLines":1}
{"level":"info","message":"Target format detected:","timestamp":"2025-06-14T05:03:49.959Z"}
{"0":"https://raw.githubusercontent.com/mfuu/v2ray/master/v2ray","level":"info","message":"Fetching external subscriptions:","timestamp":"2025-06-14T05:03:49.959Z"}
{"level":"info","message":"External subscriptions fetched","timestamp":"2025-06-14T05:03:50.198Z"}
{"length":84357,"level":"info","message":"Content cleaned:","timestamp":"2025-06-14T05:03:50.199Z"}
{"length":112500,"level":"info","message":"Base64 encoded:","timestamp":"2025-06-14T05:03:50.209Z"}
{"level":"info","message":"Returning base64 format","timestamp":"2025-06-14T05:03:50.209Z"}
{"ip":"::1","level":"info","message":"Edit API access:","path":"/api/edit","timestamp":"2025-06-14T05:06:22.589Z","token":"auto","userAgent":"Mozilla/5.0 (Windows NT 10.0; Win64; x64) AppleWebKit/537.36 (KHTML, like Gecko) Chrome/137.0.0.0 Safari/537.36"}
{"contentLength":3,"level":"info","message":"Subscription content saved","storageStats":{"lastUpdated":"2025-06-14T05:06:42.415Z","tokens":["auto"],"totalTokens":1},"timestamp":"2025-06-14T05:06:42.415Z","token":"auto"}
{"ip":"::1","level":"info","message":"Edit API access:","path":"/api/edit","timestamp":"2025-06-14T05:06:44.500Z","token":"auto","userAgent":"Mozilla/5.0 (Windows NT 10.0; Win64; x64) AppleWebKit/537.36 (KHTML, like Gecko) Chrome/137.0.0.0 Safari/537.36"}
{"contentLength":649,"level":"info","message":"Subscription content saved","storageStats":{"lastUpdated":"2025-06-14T05:07:00.808Z","tokens":["auto"],"totalTokens":1},"timestamp":"2025-06-14T05:07:00.808Z","token":"auto"}
{"ip":"::1","level":"info","message":"Edit API access:","path":"/api/edit","timestamp":"2025-06-14T05:07:02.552Z","token":"auto","userAgent":"Mozilla/5.0 (Windows NT 10.0; Win64; x64) AppleWebKit/537.36 (KHTML, like Gecko) Chrome/137.0.0.0 Safari/537.36"}
{"ip":"::1","level":"info","message":"Subscription request:","params":{"slug":["auto"]},"timestamp":"2025-06-14T05:07:09.214Z","url":"http://localhost:3000/auto","userAgent":"Mozilla/5.0 (Windows NT 10.0; Win64; x64) AppleWebKit/537.36 (KHTML, like Gecko) Chrome/137.0.0.0 Safari/537.36"}
{"level":"info","message":"Browser detected, redirecting to edit page","timestamp":"2025-06-14T05:07:09.215Z"}
{"ip":"::1","level":"info","message":"Edit API access:","path":"/api/edit","timestamp":"2025-06-14T05:07:10.051Z","token":"auto","userAgent":"Mozilla/5.0 (Windows NT 10.0; Win64; x64) AppleWebKit/537.36 (KHTML, like Gecko) Chrome/137.0.0.0 Safari/537.36"}
{"ip":"::1","level":"info","message":"Subscription request:","params":{"slug":["auto"]},"timestamp":"2025-06-14T05:07:15.128Z","url":"http://localhost:3000/auto?b64","userAgent":"Mozilla/5.0 (Windows NT 10.0; Win64; x64) AppleWebKit/537.36 (KHTML, like Gecko) Chrome/137.0.0.0 Safari/537.36"}
{"level":"info","message":"Browser detected, redirecting to edit page","timestamp":"2025-06-14T05:07:15.128Z"}
{"ip":"::1","level":"info","message":"Edit API access:","path":"/api/edit","timestamp":"2025-06-14T05:07:15.870Z","token":"auto","userAgent":"Mozilla/5.0 (Windows NT 10.0; Win64; x64) AppleWebKit/537.36 (KHTML, like Gecko) Chrome/137.0.0.0 Safari/537.36"}
{"ip":"::1","level":"info","message":"Subscription request:","params":{"slug":["auto"]},"timestamp":"2025-06-14T05:07:23.624Z","url":"http://localhost:3000/auto?b64","userAgent":"Mozilla/5.0 (Windows NT 10.0; Win64; x64) AppleWebKit/537.36 (KHTML, like Gecko) Chrome/137.0.0.0 Safari/537.36"}
{"level":"info","message":"Browser detected, redirecting to edit page","timestamp":"2025-06-14T05:07:23.624Z"}
{"ip":"::1","level":"info","message":"Edit API access:","path":"/api/edit","timestamp":"2025-06-14T05:07:24.439Z","token":"auto","userAgent":"Mozilla/5.0 (Windows NT 10.0; Win64; x64) AppleWebKit/537.36 (KHTML, like Gecko) Chrome/137.0.0.0 Safari/537.36"}
{"ip":"::1","level":"info","message":"Subscription request:","params":{"slug":["auto"]},"timestamp":"2025-06-14T05:07:25.299Z","url":"http://localhost:3000/auto?b64","userAgent":"Mozilla/5.0 (Windows NT 10.0; Win64; x64) AppleWebKit/537.36 (KHTML, like Gecko) Chrome/137.0.0.0 Safari/537.36"}
{"level":"info","message":"Browser detected, redirecting to edit page","timestamp":"2025-06-14T05:07:25.299Z"}
{"ip":"::1","level":"info","message":"Edit API access:","path":"/api/edit","timestamp":"2025-06-14T05:07:26.136Z","token":"auto","userAgent":"Mozilla/5.0 (Windows NT 10.0; Win64; x64) AppleWebKit/537.36 (KHTML, like Gecko) Chrome/137.0.0.0 Safari/537.36"}
{"ip":"::1","level":"info","message":"Subscription request:","params":{"slug":["auto"]},"timestamp":"2025-06-14T05:07:41.458Z","url":"http://localhost:3000/auto?b64","userAgent":"v2rayN/6.23"}
{"length":0,"level":"info","message":"Retrieved stored content:","timestamp":"2025-06-14T05:07:41.458Z","token":"auto"}
{"level":"warn","message":"No subscription content found for token:","timestamp":"2025-06-14T05:07:41.458Z"}
{"ip":"::1","level":"info","message":"Subscription request:","params":{"slug":["auto"]},"timestamp":"2025-06-14T05:07:41.464Z","url":"http://localhost:3000/auto?b64","userAgent":"v2rayN/6.23"}
{"length":0,"level":"info","message":"Retrieved stored content:","timestamp":"2025-06-14T05:07:41.465Z","token":"auto"}
{"level":"warn","message":"No subscription content found for token:","timestamp":"2025-06-14T05:07:41.465Z"}
{"ip":"::1","level":"info","message":"Subscription request:","params":{"slug":["auto"]},"timestamp":"2025-06-14T05:07:41.471Z","url":"http://localhost:3000/auto?b64","userAgent":"unknown"}
{"length":0,"level":"info","message":"Retrieved stored content:","timestamp":"2025-06-14T05:07:41.472Z","token":"auto"}
{"level":"warn","message":"No subscription content found for token:","timestamp":"2025-06-14T05:07:41.472Z"}
{"contentLength":57,"level":"info","message":"Subscription content saved","storageStats":{"lastUpdated":"2025-06-14T05:08:06.208Z","tokens":["auto"],"totalTokens":1},"timestamp":"2025-06-14T05:08:06.208Z","token":"auto"}
{"ip":"::1","level":"info","message":"Subscription request:","params":{"slug":["auto"]},"timestamp":"2025-06-14T05:08:10.154Z","url":"http://localhost:3000/auto?b64","userAgent":"Mozilla/5.0 (Windows NT 10.0; Win64; x64) AppleWebKit/537.36 (KHTML, like Gecko) Chrome/137.0.0.0 Safari/537.36"}
{"level":"info","message":"Browser detected, redirecting to edit page","timestamp":"2025-06-14T05:08:10.155Z"}
{"ip":"::1","level":"info","message":"Edit API access:","path":"/api/edit","timestamp":"2025-06-14T05:08:10.990Z","token":"auto","userAgent":"Mozilla/5.0 (Windows NT 10.0; Win64; x64) AppleWebKit/537.36 (KHTML, like Gecko) Chrome/137.0.0.0 Safari/537.36"}
{"ip":"::1","level":"info","message":"Subscription request:","params":{"slug":["auto"]},"timestamp":"2025-06-14T05:08:14.311Z","url":"http://localhost:3000/auto","userAgent":"Mozilla/5.0 (Windows NT 10.0; Win64; x64) AppleWebKit/537.36 (KHTML, like Gecko) Chrome/137.0.0.0 Safari/537.36"}
{"level":"info","message":"Browser detected, redirecting to edit page","timestamp":"2025-06-14T05:08:14.312Z"}
{"ip":"::1","level":"info","message":"Edit API access:","path":"/api/edit","timestamp":"2025-06-14T05:08:15.258Z","token":"auto","userAgent":"Mozilla/5.0 (Windows NT 10.0; Win64; x64) AppleWebKit/537.36 (KHTML, like Gecko) Chrome/137.0.0.0 Safari/537.36"}
{"ip":"::1","level":"info","message":"Edit API access:","path":"/api/edit","timestamp":"2025-06-14T05:08:49.611Z","token":"auto","userAgent":"Mozilla/5.0 (Windows NT 10.0; Win64; x64) AppleWebKit/537.36 (KHTML, like Gecko) Chrome/137.0.0.0 Safari/537.36"}
{"ip":"::1","level":"warn","message":"Invalid token access attempt","timestamp":"2025-06-14T05:09:17.119Z","token":null,"userAgent":"Mozilla/5.0 (Windows NT 10.0; Win64; x64) AppleWebKit/537.36 (KHTML, like Gecko) Chrome/137.0.0.0 Safari/537.36"}
{"ip":"::1","level":"info","message":"Edit API access:","path":"/api/edit","timestamp":"2025-06-14T05:09:24.116Z","token":"auto","userAgent":"Mozilla/5.0 (Windows NT 10.0; Win64; x64) AppleWebKit/537.36 (KHTML, like Gecko) Chrome/137.0.0.0 Safari/537.36"}
{"ip":"::1","level":"info","message":"Edit API access:","path":"/api/edit","timestamp":"2025-06-14T05:09:24.124Z","token":"auto","userAgent":"Mozilla/5.0 (Windows NT 10.0; Win64; x64) AppleWebKit/537.36 (KHTML, like Gecko) Chrome/137.0.0.0 Safari/537.36"}
{"contentLength":57,"level":"info","message":"Subscription content saved","storageStats":{"lastUpdated":"2025-06-14T05:09:26.843Z","tokens":["auto"],"totalTokens":1},"timestamp":"2025-06-14T05:09:26.843Z","token":"auto"}
{"ip":"::1","level":"info","message":"Subscription request:","params":{"slug":["auto"]},"timestamp":"2025-06-14T05:09:58.235Z","url":"http://localhost:3000/auto","userAgent":"v2rayN"}
{"length":0,"level":"info","message":"Retrieved stored content:","timestamp":"2025-06-14T05:09:58.237Z","token":"auto"}
{"level":"warn","message":"No subscription content found for token:","timestamp":"2025-06-14T05:09:58.237Z"}
{"ip":"::1","level":"info","message":"Subscription request:","params":{"slug":["auto"]},"timestamp":"2025-06-14T05:10:09.162Z","url":"http://localhost:3000/auto?b64","userAgent":"v2rayN"}
{"length":0,"level":"info","message":"Retrieved stored content:","timestamp":"2025-06-14T05:10:09.162Z","token":"auto"}
{"level":"warn","message":"No subscription content found for token:","timestamp":"2025-06-14T05:10:09.163Z"}
{"ip":"::1","level":"info","message":"Subscription request:","params":{"slug":["auto"]},"timestamp":"2025-06-14T05:10:39.398Z","url":"http://localhost:3000/auto?clash","userAgent":"curl/7.75.0"}
{"length":0,"level":"info","message":"Retrieved stored content:","timestamp":"2025-06-14T05:10:39.399Z","token":"auto"}
{"level":"warn","message":"No subscription content found for token:","timestamp":"2025-06-14T05:10:39.399Z"}
{"contentLength":57,"level":"info","message":"Subscription content saved","storageStats":{"lastUpdated":"2025-06-14T05:11:06.426Z","tokens":["auto"],"totalTokens":1},"timestamp":"2025-06-14T05:11:06.426Z","token":"auto"}
{"contentLength":57,"level":"info","message":"Subscription content saved","storageStats":{"lastUpdated":"2025-06-14T05:13:13.513Z","tokens":["auto"],"totalTokens":1},"timestamp":"2025-06-14T05:13:13.513Z","token":"auto"}
{"ip":"::1","level":"info","message":"Subscription request:","params":{"slug":["auto"]},"timestamp":"2025-06-14T05:13:23.309Z","url":"http://localhost:3000/auto?b64","userAgent":"v2rayN/6.23"}
{"length":57,"level":"info","message":"Retrieved stored content:","timestamp":"2025-06-14T05:13:23.309Z","token":"auto"}
{"level":"info","message":"Starting data aggregation and classification","timestamp":"2025-06-14T05:13:23.310Z"}
{"input":57,"level":"debug","message":"ADD function processed data:","output":1,"timestamp":"2025-06-14T05:13:23.310Z"}
{"level":"info","message":"Data classification completed:","selfBuiltNodes":0,"subscriptionLinks":1,"timestamp":"2025-06-14T05:13:23.310Z","totalLinks":1}
{"input":58,"level":"debug","message":"ADD function processed data:","output":1,"timestamp":"2025-06-14T05:13:23.311Z"}
{"count":1,"level":"info","message":"Fetching external subscriptions:","timestamp":"2025-06-14T05:13:23.311Z"}
{"count":1,"level":"info","message":"Fetching subscriptions:","timestamp":"2025-06-14T05:13:23.311Z","urls":["https://raw.githubusercontent.com/mfuu/v2ray/master/v2ray"]}
{"level":"debug","message":"Detected Base64 subscription:","timestamp":"2025-06-14T05:13:23.545Z"}
{"input":114487,"level":"debug","message":"ADD function processed data:","output":519,"timestamp":"2025-06-14T05:13:23.546Z"}
{"conversionUrls":"","level":"info","message":"getSUB completed:","timestamp":"2025-06-14T05:13:23.547Z","totalNodes":519}
{"conversionUrls":"","fetchedNodes":519,"level":"info","message":"External subscriptions processed:","timestamp":"2025-06-14T05:13:23.547Z"}
{"hasConversionUrls":false,"isClashRequest":false,"isSingboxRequest":false,"level":"info","message":"Format detection:","timestamp":"2025-06-14T05:13:23.547Z","userAgent":"v2rayN/6.23"}
{"base64Length":152668,"level":"info","message":"Returning base64 subscription:","nodeCount":519,"originalLength":114485,"timestamp":"2025-06-14T05:13:23.548Z"}
{"contentLength":2162,"level":"info","message":"Subscription content saved","storageStats":{"lastUpdated":"2025-06-14T05:14:21.997Z","tokens":["auto"],"totalTokens":1},"timestamp":"2025-06-14T05:14:21.998Z","token":"auto"}
{"ip":"::1","level":"info","message":"Subscription request:","params":{"slug":["auto"]},"timestamp":"2025-06-14T05:14:27.135Z","url":"http://localhost:3000/auto?b64","userAgent":"v2rayN/6.23"}
{"length":2162,"level":"info","message":"Retrieved stored content:","timestamp":"2025-06-14T05:14:27.136Z","token":"auto"}
{"level":"info","message":"Starting data aggregation and classification","timestamp":"2025-06-14T05:14:27.136Z"}
{"input":2162,"level":"debug","message":"ADD function processed data:","output":5,"timestamp":"2025-06-14T05:14:27.136Z"}
{"level":"info","message":"Data classification completed:","selfBuiltNodes":4,"subscriptionLinks":1,"timestamp":"2025-06-14T05:14:27.136Z","totalLinks":5}
{"input":58,"level":"debug","message":"ADD function processed data:","output":1,"timestamp":"2025-06-14T05:14:27.136Z"}
{"count":1,"level":"info","message":"Fetching external subscriptions:","timestamp":"2025-06-14T05:14:27.137Z"}
{"count":1,"level":"info","message":"Fetching subscriptions:","timestamp":"2025-06-14T05:14:27.137Z","urls":["https://raw.githubusercontent.com/mfuu/v2ray/master/v2ray"]}
{"level":"debug","message":"Detected Base64 subscription:","timestamp":"2025-06-14T05:14:27.363Z"}
{"input":114487,"level":"debug","message":"ADD function processed data:","output":519,"timestamp":"2025-06-14T05:14:27.364Z"}
{"conversionUrls":"","level":"info","message":"getSUB completed:","timestamp":"2025-06-14T05:14:27.364Z","totalNodes":519}
{"conversionUrls":"","fetchedNodes":519,"level":"info","message":"External subscriptions processed:","timestamp":"2025-06-14T05:14:27.365Z"}
{"hasConversionUrls":false,"isClashRequest":false,"isSingboxRequest":false,"level":"info","message":"Format detection:","timestamp":"2025-06-14T05:14:27.365Z","userAgent":"v2rayN/6.23"}
{"base64Length":155476,"level":"info","message":"Returning base64 subscription:","nodeCount":523,"originalLength":116589,"timestamp":"2025-06-14T05:14:27.366Z"}
{"contentLength":2105,"level":"info","message":"Subscription content saved","storageStats":{"lastUpdated":"2025-06-14T05:14:34.383Z","tokens":["auto"],"totalTokens":1},"timestamp":"2025-06-14T05:14:34.383Z","token":"auto"}
{"ip":"::1","level":"info","message":"Subscription request:","params":{"slug":["auto"]},"timestamp":"2025-06-14T05:14:38.226Z","url":"http://localhost:3000/auto?b64","userAgent":"v2rayN/6.23"}
{"length":2105,"level":"info","message":"Retrieved stored content:","timestamp":"2025-06-14T05:14:38.227Z","token":"auto"}
{"level":"info","message":"Starting data aggregation and classification","timestamp":"2025-06-14T05:14:38.227Z"}
{"input":2105,"level":"debug","message":"ADD function processed data:","output":4,"timestamp":"2025-06-14T05:14:38.227Z"}
{"level":"info","message":"Data classification completed:","selfBuiltNodes":4,"subscriptionLinks":0,"timestamp":"2025-06-14T05:14:38.227Z","totalLinks":4}
{"input":0,"level":"debug","message":"ADD function processed data:","output":0,"timestamp":"2025-06-14T05:14:38.227Z"}
{"hasConversionUrls":false,"isClashRequest":false,"isSingboxRequest":false,"level":"info","message":"Format detection:","timestamp":"2025-06-14T05:14:38.228Z","userAgent":"v2rayN/6.23"}
{"base64Length":2804,"level":"info","message":"Returning base64 subscription:","nodeCount":4,"originalLength":2103,"timestamp":"2025-06-14T05:14:38.228Z"}
{"ip":"::1","level":"info","message":"Subscription request:","params":{"slug":["auto"]},"timestamp":"2025-06-14T05:14:58.498Z","url":"http://localhost:3000/auto?b64","userAgent":"Mozilla/5.0 (Windows NT 10.0; Win64; x64) AppleWebKit/537.36 (KHTML, like Gecko) Chrome/137.0.0.0 Safari/537.36"}
{"level":"info","message":"Browser detected, redirecting to edit page","timestamp":"2025-06-14T05:14:58.499Z"}
{"ip":"::1","level":"info","message":"Edit API access:","path":"/api/edit","timestamp":"2025-06-14T05:14:59.362Z","token":"auto","userAgent":"Mozilla/5.0 (Windows NT 10.0; Win64; x64) AppleWebKit/537.36 (KHTML, like Gecko) Chrome/137.0.0.0 Safari/537.36"}
{"ip":"::1","level":"info","message":"Subscription request:","params":{"slug":["auto"]},"timestamp":"2025-06-14T05:15:14.398Z","url":"http://localhost:3000/auto?clash","userAgent":"ClashforWindows/0.20.6"}
{"length":2105,"level":"info","message":"Retrieved stored content:","timestamp":"2025-06-14T05:15:14.399Z","token":"auto"}
{"level":"info","message":"Starting data aggregation and classification","timestamp":"2025-06-14T05:15:14.399Z"}
{"input":2105,"level":"debug","message":"ADD function processed data:","output":4,"timestamp":"2025-06-14T05:15:14.399Z"}
{"level":"info","message":"Data classification completed:","selfBuiltNodes":4,"subscriptionLinks":0,"timestamp":"2025-06-14T05:15:14.400Z","totalLinks":4}
{"input":0,"level":"debug","message":"ADD function processed data:","output":0,"timestamp":"2025-06-14T05:15:14.400Z"}
{"hasConversionUrls":false,"isClashRequest":true,"isSingboxRequest":false,"level":"info","message":"Format detection:","timestamp":"2025-06-14T05:15:14.400Z","userAgent":"ClashforWindows/0.20.6"}
{"base64Length":2804,"level":"info","message":"Returning base64 subscription:","nodeCount":4,"originalLength":2103,"timestamp":"2025-06-14T05:15:14.400Z"}
{"ip":"::1","level":"info","message":"Subscription request:","params":{"slug":["auto"]},"timestamp":"2025-06-14T05:15:23.079Z","url":"http://localhost:3000/auto?clash","userAgent":"ClashforWindows/0.20.6"}
{"length":2105,"level":"info","message":"Retrieved stored content:","timestamp":"2025-06-14T05:15:23.080Z","token":"auto"}
{"level":"info","message":"Starting data aggregation and classification","timestamp":"2025-06-14T05:15:23.080Z"}
{"input":2105,"level":"debug","message":"ADD function processed data:","output":4,"timestamp":"2025-06-14T05:15:23.080Z"}
{"level":"info","message":"Data classification completed:","selfBuiltNodes":4,"subscriptionLinks":0,"timestamp":"2025-06-14T05:15:23.080Z","totalLinks":4}
{"input":0,"level":"debug","message":"ADD function processed data:","output":0,"timestamp":"2025-06-14T05:15:23.081Z"}
{"hasConversionUrls":false,"isClashRequest":true,"isSingboxRequest":false,"level":"info","message":"Format detection:","timestamp":"2025-06-14T05:15:23.081Z","userAgent":"ClashforWindows/0.20.6"}
{"base64Length":2804,"level":"info","message":"Returning base64 subscription:","nodeCount":4,"originalLength":2103,"timestamp":"2025-06-14T05:15:23.081Z"}
{"ip":"::1","level":"info","message":"Subscription request:","params":{"slug":["auto"]},"timestamp":"2025-06-14T05:15:24.114Z","url":"http://localhost:3000/auto?clash","userAgent":"ClashforWindows/0.20.6"}
{"length":2105,"level":"info","message":"Retrieved stored content:","timestamp":"2025-06-14T05:15:24.114Z","token":"auto"}
{"level":"info","message":"Starting data aggregation and classification","timestamp":"2025-06-14T05:15:24.114Z"}
{"input":2105,"level":"debug","message":"ADD function processed data:","output":4,"timestamp":"2025-06-14T05:15:24.114Z"}
{"level":"info","message":"Data classification completed:","selfBuiltNodes":4,"subscriptionLinks":0,"timestamp":"2025-06-14T05:15:24.115Z","totalLinks":4}
{"input":0,"level":"debug","message":"ADD function processed data:","output":0,"timestamp":"2025-06-14T05:15:24.115Z"}
{"hasConversionUrls":false,"isClashRequest":true,"isSingboxRequest":false,"level":"info","message":"Format detection:","timestamp":"2025-06-14T05:15:24.115Z","userAgent":"ClashforWindows/0.20.6"}
{"base64Length":2804,"level":"info","message":"Returning base64 subscription:","nodeCount":4,"originalLength":2103,"timestamp":"2025-06-14T05:15:24.115Z"}
{"ip":"::1","level":"info","message":"Subscription request:","params":{"slug":["auto"]},"timestamp":"2025-06-14T05:15:25.176Z","url":"http://localhost:3000/auto?clash","userAgent":"ClashforWindows/0.20.6"}
{"length":2105,"level":"info","message":"Retrieved stored content:","timestamp":"2025-06-14T05:15:25.177Z","token":"auto"}
{"level":"info","message":"Starting data aggregation and classification","timestamp":"2025-06-14T05:15:25.177Z"}
{"input":2105,"level":"debug","message":"ADD function processed data:","output":4,"timestamp":"2025-06-14T05:15:25.177Z"}
{"level":"info","message":"Data classification completed:","selfBuiltNodes":4,"subscriptionLinks":0,"timestamp":"2025-06-14T05:15:25.177Z","totalLinks":4}
{"input":0,"level":"debug","message":"ADD function processed data:","output":0,"timestamp":"2025-06-14T05:15:25.178Z"}
{"hasConversionUrls":false,"isClashRequest":true,"isSingboxRequest":false,"level":"info","message":"Format detection:","timestamp":"2025-06-14T05:15:25.178Z","userAgent":"ClashforWindows/0.20.6"}
{"base64Length":2804,"level":"info","message":"Returning base64 subscription:","nodeCount":4,"originalLength":2103,"timestamp":"2025-06-14T05:15:25.178Z"}
{"ip":"::1","level":"info","message":"Subscription request:","params":{"slug":["auto"]},"timestamp":"2025-06-14T05:15:49.940Z","url":"http://localhost:3000/auto?clash","userAgent":"ClashforWindows/0.20.6"}
{"length":2105,"level":"info","message":"Retrieved stored content:","timestamp":"2025-06-14T05:15:49.940Z","token":"auto"}
{"level":"info","message":"Starting data aggregation and classification","timestamp":"2025-06-14T05:15:49.940Z"}
{"input":2105,"level":"debug","message":"ADD function processed data:","output":4,"timestamp":"2025-06-14T05:15:49.940Z"}
{"level":"info","message":"Data classification completed:","selfBuiltNodes":4,"subscriptionLinks":0,"timestamp":"2025-06-14T05:15:49.941Z","totalLinks":4}
{"input":0,"level":"debug","message":"ADD function processed data:","output":0,"timestamp":"2025-06-14T05:15:49.941Z"}
{"hasConversionUrls":false,"isClashRequest":true,"isSingboxRequest":false,"level":"info","message":"Format detection:","timestamp":"2025-06-14T05:15:49.941Z","userAgent":"ClashforWindows/0.20.6"}
{"base64Length":2804,"level":"info","message":"Returning base64 subscription:","nodeCount":4,"originalLength":2103,"timestamp":"2025-06-14T05:15:49.941Z"}
{"ip":"::1","level":"info","message":"Subscription request:","params":{"slug":["auto"]},"timestamp":"2025-06-14T05:21:57.164Z","url":"http://localhost:3000/auto?clash","userAgent":"ClashforWindows/0.20.6"}
{"length":0,"level":"info","message":"Retrieved stored content:","timestamp":"2025-06-14T05:21:57.165Z","token":"auto"}
{"level":"warn","message":"No subscription content found for token:","timestamp":"2025-06-14T05:21:57.165Z"}
{"ip":"::1","level":"info","message":"Subscription request:","params":{"slug":["auto"]},"timestamp":"2025-06-14T05:22:14.051Z","url":"http://localhost:3000/auto?clash","userAgent":"Mozilla/5.0 (Windows NT 10.0; Win64; x64) AppleWebKit/537.36 (KHTML, like Gecko) Chrome/137.0.0.0 Safari/537.36"}
{"level":"info","message":"Browser detected, redirecting to edit page","timestamp":"2025-06-14T05:22:14.052Z"}
{"ip":"::1","level":"info","message":"Edit API access:","path":"/api/edit","timestamp":"2025-06-14T05:22:15.070Z","token":"auto","userAgent":"Mozilla/5.0 (Windows NT 10.0; Win64; x64) AppleWebKit/537.36 (KHTML, like Gecko) Chrome/137.0.0.0 Safari/537.36"}
{"ip":"::1","level":"info","message":"Subscription request:","params":{"slug":["auto"]},"timestamp":"2025-06-14T05:22:34.694Z","url":"http://localhost:3000/auto?b64","userAgent":"v2rayN/6.23"}
{"length":0,"level":"info","message":"Retrieved stored content:","timestamp":"2025-06-14T05:22:34.695Z","token":"auto"}
{"level":"warn","message":"No subscription content found for token:","timestamp":"2025-06-14T05:22:34.696Z"}
{"ip":"::1","level":"info","message":"Subscription request:","params":{"slug":["auto"]},"timestamp":"2025-06-14T05:22:34.705Z","url":"http://localhost:3000/auto?b64","userAgent":"v2rayN/6.23"}
{"length":0,"level":"info","message":"Retrieved stored content:","timestamp":"2025-06-14T05:22:34.705Z","token":"auto"}
{"level":"warn","message":"No subscription content found for token:","timestamp":"2025-06-14T05:22:34.706Z"}
{"ip":"::1","level":"info","message":"Subscription request:","params":{"slug":["auto"]},"timestamp":"2025-06-14T05:22:34.715Z","url":"http://localhost:3000/auto?b64","userAgent":"unknown"}
{"length":0,"level":"info","message":"Retrieved stored content:","timestamp":"2025-06-14T05:22:34.716Z","token":"auto"}
{"level":"warn","message":"No subscription content found for token:","timestamp":"2025-06-14T05:22:34.717Z"}
{"ip":"::1","level":"info","message":"Subscription request:","params":{"slug":["auto"]},"timestamp":"2025-06-14T05:22:58.887Z","url":"http://localhost:3000/auto?b64","userAgent":"v2rayN/6.23"}
{"length":0,"level":"info","message":"Retrieved stored content:","timestamp":"2025-06-14T05:22:58.889Z","token":"auto"}
{"level":"warn","message":"No subscription content found for token:","timestamp":"2025-06-14T05:22:58.889Z"}
{"ip":"::1","level":"info","message":"Subscription request:","params":{"slug":["auto"]},"timestamp":"2025-06-14T05:22:58.897Z","url":"http://localhost:3000/auto?b64","userAgent":"v2rayN/6.23"}
{"length":0,"level":"info","message":"Retrieved stored content:","timestamp":"2025-06-14T05:22:58.898Z","token":"auto"}
{"level":"warn","message":"No subscription content found for token:","timestamp":"2025-06-14T05:22:58.898Z"}
{"ip":"::1","level":"info","message":"Subscription request:","params":{"slug":["auto"]},"timestamp":"2025-06-14T05:22:58.904Z","url":"http://localhost:3000/auto?b64","userAgent":"unknown"}
{"length":0,"level":"info","message":"Retrieved stored content:","timestamp":"2025-06-14T05:22:58.905Z","token":"auto"}
{"level":"warn","message":"No subscription content found for token:","timestamp":"2025-06-14T05:22:58.905Z"}
{"ip":"::1","level":"info","message":"Subscription request:","params":{"slug":["auto"]},"timestamp":"2025-06-14T05:23:03.924Z","url":"http://localhost:3000/auto?b64","userAgent":"v2rayN/6.23"}
{"length":0,"level":"info","message":"Retrieved stored content:","timestamp":"2025-06-14T05:23:03.924Z","token":"auto"}
{"level":"warn","message":"No subscription content found for token:","timestamp":"2025-06-14T05:23:03.924Z"}
{"ip":"::1","level":"info","message":"Subscription request:","params":{"slug":["auto"]},"timestamp":"2025-06-14T05:23:03.931Z","url":"http://localhost:3000/auto?b64","userAgent":"v2rayN/6.23"}
{"length":0,"level":"info","message":"Retrieved stored content:","timestamp":"2025-06-14T05:23:03.932Z","token":"auto"}
{"level":"warn","message":"No subscription content found for token:","timestamp":"2025-06-14T05:23:03.932Z"}
{"ip":"::1","level":"info","message":"Subscription request:","params":{"slug":["auto"]},"timestamp":"2025-06-14T05:23:03.939Z","url":"http://localhost:3000/auto?b64","userAgent":"unknown"}
{"length":0,"level":"info","message":"Retrieved stored content:","timestamp":"2025-06-14T05:23:03.940Z","token":"auto"}
{"level":"warn","message":"No subscription content found for token:","timestamp":"2025-06-14T05:23:03.940Z"}
{"contentLength":57,"level":"info","message":"Subscription content saved","storageStats":{"lastUpdated":"2025-06-14T05:23:11.071Z","tokens":["auto"],"totalTokens":1},"timestamp":"2025-06-14T05:23:11.071Z","token":"auto"}
{"ip":"::1","level":"info","message":"Subscription request:","params":{"slug":["auto"]},"timestamp":"2025-06-14T05:23:14.647Z","url":"http://localhost:3000/auto?b64","userAgent":"v2rayN/6.23"}
{"length":57,"level":"info","message":"Retrieved stored content:","timestamp":"2025-06-14T05:23:14.648Z","token":"auto"}
{"level":"info","message":"Starting data aggregation and classification","timestamp":"2025-06-14T05:23:14.648Z"}
{"input":57,"level":"debug","message":"ADD function processed data:","output":1,"timestamp":"2025-06-14T05:23:14.648Z"}
{"level":"info","message":"Data classification completed:","selfBuiltNodes":0,"subscriptionLinks":1,"timestamp":"2025-06-14T05:23:14.649Z","totalLinks":1}
{"input":58,"level":"debug","message":"ADD function processed data:","output":1,"timestamp":"2025-06-14T05:23:14.649Z"}
{"count":1,"level":"info","message":"Fetching external subscriptions:","timestamp":"2025-06-14T05:23:14.649Z"}
{"count":1,"level":"info","message":"Fetching subscriptions:","timestamp":"2025-06-14T05:23:14.650Z","urls":["https://raw.githubusercontent.com/mfuu/v2ray/master/v2ray"]}
{"level":"debug","message":"Detected Base64 subscription:","timestamp":"2025-06-14T05:23:15.220Z"}
{"input":74023,"level":"debug","message":"ADD function processed data:","output":325,"timestamp":"2025-06-14T05:23:15.221Z"}
{"conversionUrls":"","level":"info","message":"getSUB completed:","timestamp":"2025-06-14T05:23:15.221Z","totalNodes":325}
{"conversionUrls":"","fetchedNodes":325,"level":"info","message":"External subscriptions processed:","timestamp":"2025-06-14T05:23:15.221Z"}
{"hasConversionUrls":false,"level":"info","message":"Format detection:","timestamp":"2025-06-14T05:23:15.222Z","userAgent":"v2rayN/6.23","订阅格式":"base64"}
{"base64Length":67356,"level":"info","message":"Returning base64 subscription:","nodeCount":217,"originalLength":50501,"timestamp":"2025-06-14T05:23:15.222Z"}
{"contentLength":5515,"level":"info","message":"Subscription content saved","storageStats":{"lastUpdated":"2025-06-14T05:23:24.730Z","tokens":["auto"],"totalTokens":1},"timestamp":"2025-06-14T05:23:24.730Z","token":"auto"}
{"ip":"::1","level":"info","message":"Subscription request:","params":{"slug":["auto"]},"timestamp":"2025-06-14T05:23:27.845Z","url":"http://localhost:3000/auto?b64","userAgent":"v2rayN/6.23"}
{"length":5515,"level":"info","message":"Retrieved stored content:","timestamp":"2025-06-14T05:23:27.845Z","token":"auto"}
{"level":"info","message":"Starting data aggregation and classification","timestamp":"2025-06-14T05:23:27.846Z"}
{"input":5515,"level":"debug","message":"ADD function processed data:","output":11,"timestamp":"2025-06-14T05:23:27.846Z"}
{"level":"info","message":"Data classification completed:","selfBuiltNodes":11,"subscriptionLinks":0,"timestamp":"2025-06-14T05:23:27.846Z","totalLinks":11}
{"input":0,"level":"debug","message":"ADD function processed data:","output":0,"timestamp":"2025-06-14T05:23:27.846Z"}
{"hasConversionUrls":false,"level":"info","message":"Format detection:","timestamp":"2025-06-14T05:23:27.846Z","userAgent":"v2rayN/6.23","订阅格式":"base64"}
{"base64Length":7352,"level":"info","message":"Returning base64 subscription:","nodeCount":11,"originalLength":5514,"timestamp":"2025-06-14T05:23:27.847Z"}
{"ip":"::1","level":"info","message":"Subscription request:","params":{"slug":["auto"]},"timestamp":"2025-06-14T05:23:32.605Z","url":"http://localhost:3000/auto?clash","userAgent":"ClashforWindows/0.20.6"}
{"length":5515,"level":"info","message":"Retrieved stored content:","timestamp":"2025-06-14T05:23:32.606Z","token":"auto"}
{"level":"info","message":"Starting data aggregation and classification","timestamp":"2025-06-14T05:23:32.606Z"}
{"input":5515,"level":"debug","message":"ADD function processed data:","output":11,"timestamp":"2025-06-14T05:23:32.606Z"}
{"level":"info","message":"Data classification completed:","selfBuiltNodes":11,"subscriptionLinks":0,"timestamp":"2025-06-14T05:23:32.606Z","totalLinks":11}
{"input":0,"level":"debug","message":"ADD function processed data:","output":0,"timestamp":"2025-06-14T05:23:32.607Z"}
{"hasConversionUrls":false,"level":"info","message":"Format detection:","timestamp":"2025-06-14T05:23:32.607Z","userAgent":"ClashforWindows/0.20.6","订阅格式":"clash"}
{"level":"info","message":"Converting to target format:","timestamp":"2025-06-14T05:23:32.607Z"}
{"fakeToken":"530e677ff2545454d27f4df6c2bf6eaa","level":"info","message":"Generated internal subscription URL:","timestamp":"2025-06-14T05:23:32.608Z","内部订阅URL":"http://localhost:3000/5de32be6cc60c9a678a568e868724df2?token=530e677ff2545454d27f4df6c2bf6eaa"}
{"level":"info","message":"Calling subconverter:","subConverterUrl":"https://SUBAPI.cmliussss.net/sub?target=clash&url=http%253A%252F%252Flocalhost%253A3000%252F5de32be6cc60c9a678a568e868724df2%253Ftoken%253D530e677ff2545454d27f4df6c2bf6eaa&insert=false&config=https%253A%252F%252Fraw.githubusercontent.com%252Fcmliu%252FACL4SSR%252Fmain%252FClash%252Fconfig%252FACL4SSR_Online_MultiCountry.ini&emoji=true&list=false&tfo=false&scv=true&fdn=false&sort=false&new_name=true","subscriptionUrl":"http://localhost:3000/5de32be6cc60c9a678a568e868724df2?token=530e677ff2545454d27f4df6c2bf6eaa","targetFormat":"clash","timestamp":"2025-06-14T05:23:32.608Z"}
{"level":"error","message":"Subconverter failed: Subconverter error: 400 Bad Request","stack":"Error: Subconverter error: 400 Bad Request\n    at callSubConverter (webpack-internal:///(rsc)/./src/app/[...slug]/route.ts:308:19)\n    at process.processTicksAndRejections (node:internal/process/task_queues:95:5)\n    at async GET (webpack-internal:///(rsc)/./src/app/[...slug]/route.ts:532:38)\n    at async AppRouteRouteModule.do (D:\\codes\\CF-Workers-SUB-nodejs\\cf-sub-converter\\node_modules\\.pnpm\\next@15.3.3_react-dom@19.1.0_react@19.1.0__react@19.1.0\\node_modules\\next\\dist\\compiled\\next-server\\app-route.runtime.dev.js:26:34112)\n    at async AppRouteRouteModule.handle (D:\\codes\\CF-Workers-SUB-nodejs\\cf-sub-converter\\node_modules\\.pnpm\\next@15.3.3_react-dom@19.1.0_react@19.1.0__react@19.1.0\\node_modules\\next\\dist\\compiled\\next-server\\app-route.runtime.dev.js:26:41338)\n    at async doRender (D:\\codes\\CF-Workers-SUB-nodejs\\cf-sub-converter\\node_modules\\.pnpm\\next@15.3.3_react-dom@19.1.0_react@19.1.0__react@19.1.0\\node_modules\\next\\dist\\server\\base-server.js:1518:42)\n    at async DevServer.renderToResponseWithComponentsImpl (D:\\codes\\CF-Workers-SUB-nodejs\\cf-sub-converter\\node_modules\\.pnpm\\next@15.3.3_react-dom@19.1.0_react@19.1.0__react@19.1.0\\node_modules\\next\\dist\\server\\base-server.js:1920:28)\n    at async DevServer.renderPageComponent (D:\\codes\\CF-Workers-SUB-nodejs\\cf-sub-converter\\node_modules\\.pnpm\\next@15.3.3_react-dom@19.1.0_react@19.1.0__react@19.1.0\\node_modules\\next\\dist\\server\\base-server.js:2408:24)\n    at async DevServer.renderToResponseImpl (D:\\codes\\CF-Workers-SUB-nodejs\\cf-sub-converter\\node_modules\\.pnpm\\next@15.3.3_react-dom@19.1.0_react@19.1.0__react@19.1.0\\node_modules\\next\\dist\\server\\base-server.js:2445:32)\n    at async DevServer.pipeImpl (D:\\codes\\CF-Workers-SUB-nodejs\\cf-sub-converter\\node_modules\\.pnpm\\next@15.3.3_react-dom@19.1.0_react@19.1.0__react@19.1.0\\node_modules\\next\\dist\\server\\base-server.js:1008:25)\n    at async NextNodeServer.handleCatchallRenderRequest (D:\\codes\\CF-Workers-SUB-nodejs\\cf-sub-converter\\node_modules\\.pnpm\\next@15.3.3_react-dom@19.1.0_react@19.1.0__react@19.1.0\\node_modules\\next\\dist\\server\\next-server.js:305:17)\n    at async DevServer.handleRequestImpl (D:\\codes\\CF-Workers-SUB-nodejs\\cf-sub-converter\\node_modules\\.pnpm\\next@15.3.3_react-dom@19.1.0_react@19.1.0__react@19.1.0\\node_modules\\next\\dist\\server\\base-server.js:900:17)\n    at async D:\\codes\\CF-Workers-SUB-nodejs\\cf-sub-converter\\node_modules\\.pnpm\\next@15.3.3_react-dom@19.1.0_react@19.1.0__react@19.1.0\\node_modules\\next\\dist\\server\\dev\\next-dev-server.js:371:20\n    at async Span.traceAsyncFn (D:\\codes\\CF-Workers-SUB-nodejs\\cf-sub-converter\\node_modules\\.pnpm\\next@15.3.3_react-dom@19.1.0_react@19.1.0__react@19.1.0\\node_modules\\next\\dist\\trace\\trace.js:157:20)\n    at async DevServer.handleRequest (D:\\codes\\CF-Workers-SUB-nodejs\\cf-sub-converter\\node_modules\\.pnpm\\next@15.3.3_react-dom@19.1.0_react@19.1.0__react@19.1.0\\node_modules\\next\\dist\\server\\dev\\next-dev-server.js:368:24)\n    at async invokeRender (D:\\codes\\CF-Workers-SUB-nodejs\\cf-sub-converter\\node_modules\\.pnpm\\next@15.3.3_react-dom@19.1.0_react@19.1.0__react@19.1.0\\node_modules\\next\\dist\\server\\lib\\router-server.js:237:21)\n    at async handleRequest (D:\\codes\\CF-Workers-SUB-nodejs\\cf-sub-converter\\node_modules\\.pnpm\\next@15.3.3_react-dom@19.1.0_react@19.1.0__react@19.1.0\\node_modules\\next\\dist\\server\\lib\\router-server.js:428:24)\n    at async requestHandlerImpl (D:\\codes\\CF-Workers-SUB-nodejs\\cf-sub-converter\\node_modules\\.pnpm\\next@15.3.3_react-dom@19.1.0_react@19.1.0__react@19.1.0\\node_modules\\next\\dist\\server\\lib\\router-server.js:452:13)\n    at async Server.requestListener (D:\\codes\\CF-Workers-SUB-nodejs\\cf-sub-converter\\node_modules\\.pnpm\\next@15.3.3_react-dom@19.1.0_react@19.1.0__react@19.1.0\\node_modules\\next\\dist\\server\\lib\\start-server.js:158:13)","timestamp":"2025-06-14T05:23:33.324Z"}
{"level":"error","message":"Conversion failed, falling back to base64: Subconverter error: 400 Bad Request","stack":"Error: Subconverter error: 400 Bad Request\n    at callSubConverter (webpack-internal:///(rsc)/./src/app/[...slug]/route.ts:308:19)\n    at process.processTicksAndRejections (node:internal/process/task_queues:95:5)\n    at async GET (webpack-internal:///(rsc)/./src/app/[...slug]/route.ts:532:38)\n    at async AppRouteRouteModule.do (D:\\codes\\CF-Workers-SUB-nodejs\\cf-sub-converter\\node_modules\\.pnpm\\next@15.3.3_react-dom@19.1.0_react@19.1.0__react@19.1.0\\node_modules\\next\\dist\\compiled\\next-server\\app-route.runtime.dev.js:26:34112)\n    at async AppRouteRouteModule.handle (D:\\codes\\CF-Workers-SUB-nodejs\\cf-sub-converter\\node_modules\\.pnpm\\next@15.3.3_react-dom@19.1.0_react@19.1.0__react@19.1.0\\node_modules\\next\\dist\\compiled\\next-server\\app-route.runtime.dev.js:26:41338)\n    at async doRender (D:\\codes\\CF-Workers-SUB-nodejs\\cf-sub-converter\\node_modules\\.pnpm\\next@15.3.3_react-dom@19.1.0_react@19.1.0__react@19.1.0\\node_modules\\next\\dist\\server\\base-server.js:1518:42)\n    at async DevServer.renderToResponseWithComponentsImpl (D:\\codes\\CF-Workers-SUB-nodejs\\cf-sub-converter\\node_modules\\.pnpm\\next@15.3.3_react-dom@19.1.0_react@19.1.0__react@19.1.0\\node_modules\\next\\dist\\server\\base-server.js:1920:28)\n    at async DevServer.renderPageComponent (D:\\codes\\CF-Workers-SUB-nodejs\\cf-sub-converter\\node_modules\\.pnpm\\next@15.3.3_react-dom@19.1.0_react@19.1.0__react@19.1.0\\node_modules\\next\\dist\\server\\base-server.js:2408:24)\n    at async DevServer.renderToResponseImpl (D:\\codes\\CF-Workers-SUB-nodejs\\cf-sub-converter\\node_modules\\.pnpm\\next@15.3.3_react-dom@19.1.0_react@19.1.0__react@19.1.0\\node_modules\\next\\dist\\server\\base-server.js:2445:32)\n    at async DevServer.pipeImpl (D:\\codes\\CF-Workers-SUB-nodejs\\cf-sub-converter\\node_modules\\.pnpm\\next@15.3.3_react-dom@19.1.0_react@19.1.0__react@19.1.0\\node_modules\\next\\dist\\server\\base-server.js:1008:25)\n    at async NextNodeServer.handleCatchallRenderRequest (D:\\codes\\CF-Workers-SUB-nodejs\\cf-sub-converter\\node_modules\\.pnpm\\next@15.3.3_react-dom@19.1.0_react@19.1.0__react@19.1.0\\node_modules\\next\\dist\\server\\next-server.js:305:17)\n    at async DevServer.handleRequestImpl (D:\\codes\\CF-Workers-SUB-nodejs\\cf-sub-converter\\node_modules\\.pnpm\\next@15.3.3_react-dom@19.1.0_react@19.1.0__react@19.1.0\\node_modules\\next\\dist\\server\\base-server.js:900:17)\n    at async D:\\codes\\CF-Workers-SUB-nodejs\\cf-sub-converter\\node_modules\\.pnpm\\next@15.3.3_react-dom@19.1.0_react@19.1.0__react@19.1.0\\node_modules\\next\\dist\\server\\dev\\next-dev-server.js:371:20\n    at async Span.traceAsyncFn (D:\\codes\\CF-Workers-SUB-nodejs\\cf-sub-converter\\node_modules\\.pnpm\\next@15.3.3_react-dom@19.1.0_react@19.1.0__react@19.1.0\\node_modules\\next\\dist\\trace\\trace.js:157:20)\n    at async DevServer.handleRequest (D:\\codes\\CF-Workers-SUB-nodejs\\cf-sub-converter\\node_modules\\.pnpm\\next@15.3.3_react-dom@19.1.0_react@19.1.0__react@19.1.0\\node_modules\\next\\dist\\server\\dev\\next-dev-server.js:368:24)\n    at async invokeRender (D:\\codes\\CF-Workers-SUB-nodejs\\cf-sub-converter\\node_modules\\.pnpm\\next@15.3.3_react-dom@19.1.0_react@19.1.0__react@19.1.0\\node_modules\\next\\dist\\server\\lib\\router-server.js:237:21)\n    at async handleRequest (D:\\codes\\CF-Workers-SUB-nodejs\\cf-sub-converter\\node_modules\\.pnpm\\next@15.3.3_react-dom@19.1.0_react@19.1.0__react@19.1.0\\node_modules\\next\\dist\\server\\lib\\router-server.js:428:24)\n    at async requestHandlerImpl (D:\\codes\\CF-Workers-SUB-nodejs\\cf-sub-converter\\node_modules\\.pnpm\\next@15.3.3_react-dom@19.1.0_react@19.1.0__react@19.1.0\\node_modules\\next\\dist\\server\\lib\\router-server.js:452:13)\n    at async Server.requestListener (D:\\codes\\CF-Workers-SUB-nodejs\\cf-sub-converter\\node_modules\\.pnpm\\next@15.3.3_react-dom@19.1.0_react@19.1.0__react@19.1.0\\node_modules\\next\\dist\\server\\lib\\start-server.js:158:13)","timestamp":"2025-06-14T05:23:33.328Z"}
{"ip":"::1","level":"info","message":"Subscription request:","params":{"slug":["auto"]},"timestamp":"2025-06-14T05:23:34.953Z","url":"http://localhost:3000/auto?clash","userAgent":"ClashforWindows/0.20.6"}
{"length":5515,"level":"info","message":"Retrieved stored content:","timestamp":"2025-06-14T05:23:34.954Z","token":"auto"}
{"level":"info","message":"Starting data aggregation and classification","timestamp":"2025-06-14T05:23:34.955Z"}
{"input":5515,"level":"debug","message":"ADD function processed data:","output":11,"timestamp":"2025-06-14T05:23:34.955Z"}
{"level":"info","message":"Data classification completed:","selfBuiltNodes":11,"subscriptionLinks":0,"timestamp":"2025-06-14T05:23:34.955Z","totalLinks":11}
{"input":0,"level":"debug","message":"ADD function processed data:","output":0,"timestamp":"2025-06-14T05:23:34.955Z"}
{"hasConversionUrls":false,"level":"info","message":"Format detection:","timestamp":"2025-06-14T05:23:34.956Z","userAgent":"ClashforWindows/0.20.6","订阅格式":"clash"}
{"level":"info","message":"Converting to target format:","timestamp":"2025-06-14T05:23:34.956Z"}
{"fakeToken":"530e677ff2545454d27f4df6c2bf6eaa","level":"info","message":"Generated internal subscription URL:","timestamp":"2025-06-14T05:23:34.956Z","内部订阅URL":"http://localhost:3000/5de32be6cc60c9a678a568e868724df2?token=530e677ff2545454d27f4df6c2bf6eaa"}
{"level":"info","message":"Calling subconverter:","subConverterUrl":"https://SUBAPI.cmliussss.net/sub?target=clash&url=http%253A%252F%252Flocalhost%253A3000%252F5de32be6cc60c9a678a568e868724df2%253Ftoken%253D530e677ff2545454d27f4df6c2bf6eaa&insert=false&config=https%253A%252F%252Fraw.githubusercontent.com%252Fcmliu%252FACL4SSR%252Fmain%252FClash%252Fconfig%252FACL4SSR_Online_MultiCountry.ini&emoji=true&list=false&tfo=false&scv=true&fdn=false&sort=false&new_name=true","subscriptionUrl":"http://localhost:3000/5de32be6cc60c9a678a568e868724df2?token=530e677ff2545454d27f4df6c2bf6eaa","targetFormat":"clash","timestamp":"2025-06-14T05:23:34.957Z"}
{"level":"error","message":"Subconverter failed: Subconverter error: 400 Bad Request","stack":"Error: Subconverter error: 400 Bad Request\n    at callSubConverter (webpack-internal:///(rsc)/./src/app/[...slug]/route.ts:308:19)\n    at process.processTicksAndRejections (node:internal/process/task_queues:95:5)\n    at async GET (webpack-internal:///(rsc)/./src/app/[...slug]/route.ts:532:38)\n    at async AppRouteRouteModule.do (D:\\codes\\CF-Workers-SUB-nodejs\\cf-sub-converter\\node_modules\\.pnpm\\next@15.3.3_react-dom@19.1.0_react@19.1.0__react@19.1.0\\node_modules\\next\\dist\\compiled\\next-server\\app-route.runtime.dev.js:26:34112)\n    at async AppRouteRouteModule.handle (D:\\codes\\CF-Workers-SUB-nodejs\\cf-sub-converter\\node_modules\\.pnpm\\next@15.3.3_react-dom@19.1.0_react@19.1.0__react@19.1.0\\node_modules\\next\\dist\\compiled\\next-server\\app-route.runtime.dev.js:26:41338)\n    at async doRender (D:\\codes\\CF-Workers-SUB-nodejs\\cf-sub-converter\\node_modules\\.pnpm\\next@15.3.3_react-dom@19.1.0_react@19.1.0__react@19.1.0\\node_modules\\next\\dist\\server\\base-server.js:1518:42)\n    at async DevServer.renderToResponseWithComponentsImpl (D:\\codes\\CF-Workers-SUB-nodejs\\cf-sub-converter\\node_modules\\.pnpm\\next@15.3.3_react-dom@19.1.0_react@19.1.0__react@19.1.0\\node_modules\\next\\dist\\server\\base-server.js:1920:28)\n    at async DevServer.renderPageComponent (D:\\codes\\CF-Workers-SUB-nodejs\\cf-sub-converter\\node_modules\\.pnpm\\next@15.3.3_react-dom@19.1.0_react@19.1.0__react@19.1.0\\node_modules\\next\\dist\\server\\base-server.js:2408:24)\n    at async DevServer.renderToResponseImpl (D:\\codes\\CF-Workers-SUB-nodejs\\cf-sub-converter\\node_modules\\.pnpm\\next@15.3.3_react-dom@19.1.0_react@19.1.0__react@19.1.0\\node_modules\\next\\dist\\server\\base-server.js:2445:32)\n    at async DevServer.pipeImpl (D:\\codes\\CF-Workers-SUB-nodejs\\cf-sub-converter\\node_modules\\.pnpm\\next@15.3.3_react-dom@19.1.0_react@19.1.0__react@19.1.0\\node_modules\\next\\dist\\server\\base-server.js:1008:25)\n    at async NextNodeServer.handleCatchallRenderRequest (D:\\codes\\CF-Workers-SUB-nodejs\\cf-sub-converter\\node_modules\\.pnpm\\next@15.3.3_react-dom@19.1.0_react@19.1.0__react@19.1.0\\node_modules\\next\\dist\\server\\next-server.js:305:17)\n    at async DevServer.handleRequestImpl (D:\\codes\\CF-Workers-SUB-nodejs\\cf-sub-converter\\node_modules\\.pnpm\\next@15.3.3_react-dom@19.1.0_react@19.1.0__react@19.1.0\\node_modules\\next\\dist\\server\\base-server.js:900:17)\n    at async D:\\codes\\CF-Workers-SUB-nodejs\\cf-sub-converter\\node_modules\\.pnpm\\next@15.3.3_react-dom@19.1.0_react@19.1.0__react@19.1.0\\node_modules\\next\\dist\\server\\dev\\next-dev-server.js:371:20\n    at async Span.traceAsyncFn (D:\\codes\\CF-Workers-SUB-nodejs\\cf-sub-converter\\node_modules\\.pnpm\\next@15.3.3_react-dom@19.1.0_react@19.1.0__react@19.1.0\\node_modules\\next\\dist\\trace\\trace.js:157:20)\n    at async DevServer.handleRequest (D:\\codes\\CF-Workers-SUB-nodejs\\cf-sub-converter\\node_modules\\.pnpm\\next@15.3.3_react-dom@19.1.0_react@19.1.0__react@19.1.0\\node_modules\\next\\dist\\server\\dev\\next-dev-server.js:368:24)\n    at async invokeRender (D:\\codes\\CF-Workers-SUB-nodejs\\cf-sub-converter\\node_modules\\.pnpm\\next@15.3.3_react-dom@19.1.0_react@19.1.0__react@19.1.0\\node_modules\\next\\dist\\server\\lib\\router-server.js:237:21)\n    at async handleRequest (D:\\codes\\CF-Workers-SUB-nodejs\\cf-sub-converter\\node_modules\\.pnpm\\next@15.3.3_react-dom@19.1.0_react@19.1.0__react@19.1.0\\node_modules\\next\\dist\\server\\lib\\router-server.js:428:24)\n    at async requestHandlerImpl (D:\\codes\\CF-Workers-SUB-nodejs\\cf-sub-converter\\node_modules\\.pnpm\\next@15.3.3_react-dom@19.1.0_react@19.1.0__react@19.1.0\\node_modules\\next\\dist\\server\\lib\\router-server.js:452:13)\n    at async Server.requestListener (D:\\codes\\CF-Workers-SUB-nodejs\\cf-sub-converter\\node_modules\\.pnpm\\next@15.3.3_react-dom@19.1.0_react@19.1.0__react@19.1.0\\node_modules\\next\\dist\\server\\lib\\start-server.js:158:13)","timestamp":"2025-06-14T05:23:35.469Z"}
{"level":"error","message":"Conversion failed, falling back to base64: Subconverter error: 400 Bad Request","stack":"Error: Subconverter error: 400 Bad Request\n    at callSubConverter (webpack-internal:///(rsc)/./src/app/[...slug]/route.ts:308:19)\n    at process.processTicksAndRejections (node:internal/process/task_queues:95:5)\n    at async GET (webpack-internal:///(rsc)/./src/app/[...slug]/route.ts:532:38)\n    at async AppRouteRouteModule.do (D:\\codes\\CF-Workers-SUB-nodejs\\cf-sub-converter\\node_modules\\.pnpm\\next@15.3.3_react-dom@19.1.0_react@19.1.0__react@19.1.0\\node_modules\\next\\dist\\compiled\\next-server\\app-route.runtime.dev.js:26:34112)\n    at async AppRouteRouteModule.handle (D:\\codes\\CF-Workers-SUB-nodejs\\cf-sub-converter\\node_modules\\.pnpm\\next@15.3.3_react-dom@19.1.0_react@19.1.0__react@19.1.0\\node_modules\\next\\dist\\compiled\\next-server\\app-route.runtime.dev.js:26:41338)\n    at async doRender (D:\\codes\\CF-Workers-SUB-nodejs\\cf-sub-converter\\node_modules\\.pnpm\\next@15.3.3_react-dom@19.1.0_react@19.1.0__react@19.1.0\\node_modules\\next\\dist\\server\\base-server.js:1518:42)\n    at async DevServer.renderToResponseWithComponentsImpl (D:\\codes\\CF-Workers-SUB-nodejs\\cf-sub-converter\\node_modules\\.pnpm\\next@15.3.3_react-dom@19.1.0_react@19.1.0__react@19.1.0\\node_modules\\next\\dist\\server\\base-server.js:1920:28)\n    at async DevServer.renderPageComponent (D:\\codes\\CF-Workers-SUB-nodejs\\cf-sub-converter\\node_modules\\.pnpm\\next@15.3.3_react-dom@19.1.0_react@19.1.0__react@19.1.0\\node_modules\\next\\dist\\server\\base-server.js:2408:24)\n    at async DevServer.renderToResponseImpl (D:\\codes\\CF-Workers-SUB-nodejs\\cf-sub-converter\\node_modules\\.pnpm\\next@15.3.3_react-dom@19.1.0_react@19.1.0__react@19.1.0\\node_modules\\next\\dist\\server\\base-server.js:2445:32)\n    at async DevServer.pipeImpl (D:\\codes\\CF-Workers-SUB-nodejs\\cf-sub-converter\\node_modules\\.pnpm\\next@15.3.3_react-dom@19.1.0_react@19.1.0__react@19.1.0\\node_modules\\next\\dist\\server\\base-server.js:1008:25)\n    at async NextNodeServer.handleCatchallRenderRequest (D:\\codes\\CF-Workers-SUB-nodejs\\cf-sub-converter\\node_modules\\.pnpm\\next@15.3.3_react-dom@19.1.0_react@19.1.0__react@19.1.0\\node_modules\\next\\dist\\server\\next-server.js:305:17)\n    at async DevServer.handleRequestImpl (D:\\codes\\CF-Workers-SUB-nodejs\\cf-sub-converter\\node_modules\\.pnpm\\next@15.3.3_react-dom@19.1.0_react@19.1.0__react@19.1.0\\node_modules\\next\\dist\\server\\base-server.js:900:17)\n    at async D:\\codes\\CF-Workers-SUB-nodejs\\cf-sub-converter\\node_modules\\.pnpm\\next@15.3.3_react-dom@19.1.0_react@19.1.0__react@19.1.0\\node_modules\\next\\dist\\server\\dev\\next-dev-server.js:371:20\n    at async Span.traceAsyncFn (D:\\codes\\CF-Workers-SUB-nodejs\\cf-sub-converter\\node_modules\\.pnpm\\next@15.3.3_react-dom@19.1.0_react@19.1.0__react@19.1.0\\node_modules\\next\\dist\\trace\\trace.js:157:20)\n    at async DevServer.handleRequest (D:\\codes\\CF-Workers-SUB-nodejs\\cf-sub-converter\\node_modules\\.pnpm\\next@15.3.3_react-dom@19.1.0_react@19.1.0__react@19.1.0\\node_modules\\next\\dist\\server\\dev\\next-dev-server.js:368:24)\n    at async invokeRender (D:\\codes\\CF-Workers-SUB-nodejs\\cf-sub-converter\\node_modules\\.pnpm\\next@15.3.3_react-dom@19.1.0_react@19.1.0__react@19.1.0\\node_modules\\next\\dist\\server\\lib\\router-server.js:237:21)\n    at async handleRequest (D:\\codes\\CF-Workers-SUB-nodejs\\cf-sub-converter\\node_modules\\.pnpm\\next@15.3.3_react-dom@19.1.0_react@19.1.0__react@19.1.0\\node_modules\\next\\dist\\server\\lib\\router-server.js:428:24)\n    at async requestHandlerImpl (D:\\codes\\CF-Workers-SUB-nodejs\\cf-sub-converter\\node_modules\\.pnpm\\next@15.3.3_react-dom@19.1.0_react@19.1.0__react@19.1.0\\node_modules\\next\\dist\\server\\lib\\router-server.js:452:13)\n    at async Server.requestListener (D:\\codes\\CF-Workers-SUB-nodejs\\cf-sub-converter\\node_modules\\.pnpm\\next@15.3.3_react-dom@19.1.0_react@19.1.0__react@19.1.0\\node_modules\\next\\dist\\server\\lib\\start-server.js:158:13)","timestamp":"2025-06-14T05:23:35.471Z"}
{"ip":"::1","level":"info","message":"Subscription request:","params":{"slug":["auto"]},"timestamp":"2025-06-14T05:23:40.515Z","url":"http://localhost:3000/auto?clash","userAgent":"ClashforWindows/0.20.6"}
{"length":5515,"level":"info","message":"Retrieved stored content:","timestamp":"2025-06-14T05:23:40.516Z","token":"auto"}
{"level":"info","message":"Starting data aggregation and classification","timestamp":"2025-06-14T05:23:40.516Z"}
{"input":5515,"level":"debug","message":"ADD function processed data:","output":11,"timestamp":"2025-06-14T05:23:40.516Z"}
{"level":"info","message":"Data classification completed:","selfBuiltNodes":11,"subscriptionLinks":0,"timestamp":"2025-06-14T05:23:40.516Z","totalLinks":11}
{"input":0,"level":"debug","message":"ADD function processed data:","output":0,"timestamp":"2025-06-14T05:23:40.517Z"}
{"hasConversionUrls":false,"level":"info","message":"Format detection:","timestamp":"2025-06-14T05:23:40.517Z","userAgent":"ClashforWindows/0.20.6","订阅格式":"clash"}
{"level":"info","message":"Converting to target format:","timestamp":"2025-06-14T05:23:40.517Z"}
{"fakeToken":"530e677ff2545454d27f4df6c2bf6eaa","level":"info","message":"Generated internal subscription URL:","timestamp":"2025-06-14T05:23:40.517Z","内部订阅URL":"http://localhost:3000/5de32be6cc60c9a678a568e868724df2?token=530e677ff2545454d27f4df6c2bf6eaa"}
{"level":"info","message":"Calling subconverter:","subConverterUrl":"https://SUBAPI.cmliussss.net/sub?target=clash&url=http%253A%252F%252Flocalhost%253A3000%252F5de32be6cc60c9a678a568e868724df2%253Ftoken%253D530e677ff2545454d27f4df6c2bf6eaa&insert=false&config=https%253A%252F%252Fraw.githubusercontent.com%252Fcmliu%252FACL4SSR%252Fmain%252FClash%252Fconfig%252FACL4SSR_Online_MultiCountry.ini&emoji=true&list=false&tfo=false&scv=true&fdn=false&sort=false&new_name=true","subscriptionUrl":"http://localhost:3000/5de32be6cc60c9a678a568e868724df2?token=530e677ff2545454d27f4df6c2bf6eaa","targetFormat":"clash","timestamp":"2025-06-14T05:23:40.517Z"}
{"ip":"::1","level":"info","message":"Subscription request:","params":{"slug":["auto"]},"timestamp":"2025-06-14T05:23:56.371Z","url":"http://localhost:3000/auto?clash","userAgent":"ClashforWindows/0.20.6"}
{"length":5515,"level":"info","message":"Retrieved stored content:","timestamp":"2025-06-14T05:23:56.371Z","token":"auto"}
{"level":"info","message":"Starting data aggregation and classification","timestamp":"2025-06-14T05:23:56.373Z"}
{"input":5515,"level":"debug","message":"ADD function processed data:","output":11,"timestamp":"2025-06-14T05:23:56.373Z"}
{"level":"info","message":"Data classification completed:","selfBuiltNodes":11,"subscriptionLinks":0,"timestamp":"2025-06-14T05:23:56.373Z","totalLinks":11}
{"input":0,"level":"debug","message":"ADD function processed data:","output":0,"timestamp":"2025-06-14T05:23:56.373Z"}
{"hasConversionUrls":false,"level":"info","message":"Format detection:","timestamp":"2025-06-14T05:23:56.374Z","userAgent":"ClashforWindows/0.20.6","订阅格式":"clash"}
{"level":"info","message":"Converting to target format:","timestamp":"2025-06-14T05:23:56.374Z"}
{"fakeToken":"530e677ff2545454d27f4df6c2bf6eaa","level":"info","message":"Generated internal subscription URL:","timestamp":"2025-06-14T05:23:56.374Z","内部订阅URL":"http://localhost:3000/5de32be6cc60c9a678a568e868724df2?token=530e677ff2545454d27f4df6c2bf6eaa"}
{"level":"info","message":"Calling subconverter:","subConverterUrl":"https://SUBAPI.cmliussss.net/sub?target=clash&url=http%253A%252F%252Flocalhost%253A3000%252F5de32be6cc60c9a678a568e868724df2%253Ftoken%253D530e677ff2545454d27f4df6c2bf6eaa&insert=false&config=https%253A%252F%252Fraw.githubusercontent.com%252Fcmliu%252FACL4SSR%252Fmain%252FClash%252Fconfig%252FACL4SSR_Online_MultiCountry.ini&emoji=true&list=false&tfo=false&scv=true&fdn=false&sort=false&new_name=true","subscriptionUrl":"http://localhost:3000/5de32be6cc60c9a678a568e868724df2?token=530e677ff2545454d27f4df6c2bf6eaa","targetFormat":"clash","timestamp":"2025-06-14T05:23:56.375Z"}
{"level":"error","message":"Subconverter failed: Subconverter error: 400 Bad Request","stack":"Error: Subconverter error: 400 Bad Request\n    at callSubConverter (webpack-internal:///(rsc)/./src/app/[...slug]/route.ts:308:19)\n    at process.processTicksAndRejections (node:internal/process/task_queues:95:5)\n    at async GET (webpack-internal:///(rsc)/./src/app/[...slug]/route.ts:532:38)\n    at async AppRouteRouteModule.do (D:\\codes\\CF-Workers-SUB-nodejs\\cf-sub-converter\\node_modules\\.pnpm\\next@15.3.3_react-dom@19.1.0_react@19.1.0__react@19.1.0\\node_modules\\next\\dist\\compiled\\next-server\\app-route.runtime.dev.js:26:34112)\n    at async AppRouteRouteModule.handle (D:\\codes\\CF-Workers-SUB-nodejs\\cf-sub-converter\\node_modules\\.pnpm\\next@15.3.3_react-dom@19.1.0_react@19.1.0__react@19.1.0\\node_modules\\next\\dist\\compiled\\next-server\\app-route.runtime.dev.js:26:41338)\n    at async doRender (D:\\codes\\CF-Workers-SUB-nodejs\\cf-sub-converter\\node_modules\\.pnpm\\next@15.3.3_react-dom@19.1.0_react@19.1.0__react@19.1.0\\node_modules\\next\\dist\\server\\base-server.js:1518:42)\n    at async DevServer.renderToResponseWithComponentsImpl (D:\\codes\\CF-Workers-SUB-nodejs\\cf-sub-converter\\node_modules\\.pnpm\\next@15.3.3_react-dom@19.1.0_react@19.1.0__react@19.1.0\\node_modules\\next\\dist\\server\\base-server.js:1920:28)\n    at async DevServer.renderPageComponent (D:\\codes\\CF-Workers-SUB-nodejs\\cf-sub-converter\\node_modules\\.pnpm\\next@15.3.3_react-dom@19.1.0_react@19.1.0__react@19.1.0\\node_modules\\next\\dist\\server\\base-server.js:2408:24)\n    at async DevServer.renderToResponseImpl (D:\\codes\\CF-Workers-SUB-nodejs\\cf-sub-converter\\node_modules\\.pnpm\\next@15.3.3_react-dom@19.1.0_react@19.1.0__react@19.1.0\\node_modules\\next\\dist\\server\\base-server.js:2445:32)\n    at async DevServer.pipeImpl (D:\\codes\\CF-Workers-SUB-nodejs\\cf-sub-converter\\node_modules\\.pnpm\\next@15.3.3_react-dom@19.1.0_react@19.1.0__react@19.1.0\\node_modules\\next\\dist\\server\\base-server.js:1008:25)\n    at async NextNodeServer.handleCatchallRenderRequest (D:\\codes\\CF-Workers-SUB-nodejs\\cf-sub-converter\\node_modules\\.pnpm\\next@15.3.3_react-dom@19.1.0_react@19.1.0__react@19.1.0\\node_modules\\next\\dist\\server\\next-server.js:305:17)\n    at async DevServer.handleRequestImpl (D:\\codes\\CF-Workers-SUB-nodejs\\cf-sub-converter\\node_modules\\.pnpm\\next@15.3.3_react-dom@19.1.0_react@19.1.0__react@19.1.0\\node_modules\\next\\dist\\server\\base-server.js:900:17)\n    at async D:\\codes\\CF-Workers-SUB-nodejs\\cf-sub-converter\\node_modules\\.pnpm\\next@15.3.3_react-dom@19.1.0_react@19.1.0__react@19.1.0\\node_modules\\next\\dist\\server\\dev\\next-dev-server.js:371:20\n    at async Span.traceAsyncFn (D:\\codes\\CF-Workers-SUB-nodejs\\cf-sub-converter\\node_modules\\.pnpm\\next@15.3.3_react-dom@19.1.0_react@19.1.0__react@19.1.0\\node_modules\\next\\dist\\trace\\trace.js:157:20)\n    at async DevServer.handleRequest (D:\\codes\\CF-Workers-SUB-nodejs\\cf-sub-converter\\node_modules\\.pnpm\\next@15.3.3_react-dom@19.1.0_react@19.1.0__react@19.1.0\\node_modules\\next\\dist\\server\\dev\\next-dev-server.js:368:24)\n    at async invokeRender (D:\\codes\\CF-Workers-SUB-nodejs\\cf-sub-converter\\node_modules\\.pnpm\\next@15.3.3_react-dom@19.1.0_react@19.1.0__react@19.1.0\\node_modules\\next\\dist\\server\\lib\\router-server.js:237:21)\n    at async handleRequest (D:\\codes\\CF-Workers-SUB-nodejs\\cf-sub-converter\\node_modules\\.pnpm\\next@15.3.3_react-dom@19.1.0_react@19.1.0__react@19.1.0\\node_modules\\next\\dist\\server\\lib\\router-server.js:428:24)\n    at async requestHandlerImpl (D:\\codes\\CF-Workers-SUB-nodejs\\cf-sub-converter\\node_modules\\.pnpm\\next@15.3.3_react-dom@19.1.0_react@19.1.0__react@19.1.0\\node_modules\\next\\dist\\server\\lib\\router-server.js:452:13)\n    at async Server.requestListener (D:\\codes\\CF-Workers-SUB-nodejs\\cf-sub-converter\\node_modules\\.pnpm\\next@15.3.3_react-dom@19.1.0_react@19.1.0__react@19.1.0\\node_modules\\next\\dist\\server\\lib\\start-server.js:158:13)","timestamp":"2025-06-14T05:23:58.555Z"}
{"level":"error","message":"Conversion failed, falling back to base64: Subconverter error: 400 Bad Request","stack":"Error: Subconverter error: 400 Bad Request\n    at callSubConverter (webpack-internal:///(rsc)/./src/app/[...slug]/route.ts:308:19)\n    at process.processTicksAndRejections (node:internal/process/task_queues:95:5)\n    at async GET (webpack-internal:///(rsc)/./src/app/[...slug]/route.ts:532:38)\n    at async AppRouteRouteModule.do (D:\\codes\\CF-Workers-SUB-nodejs\\cf-sub-converter\\node_modules\\.pnpm\\next@15.3.3_react-dom@19.1.0_react@19.1.0__react@19.1.0\\node_modules\\next\\dist\\compiled\\next-server\\app-route.runtime.dev.js:26:34112)\n    at async AppRouteRouteModule.handle (D:\\codes\\CF-Workers-SUB-nodejs\\cf-sub-converter\\node_modules\\.pnpm\\next@15.3.3_react-dom@19.1.0_react@19.1.0__react@19.1.0\\node_modules\\next\\dist\\compiled\\next-server\\app-route.runtime.dev.js:26:41338)\n    at async doRender (D:\\codes\\CF-Workers-SUB-nodejs\\cf-sub-converter\\node_modules\\.pnpm\\next@15.3.3_react-dom@19.1.0_react@19.1.0__react@19.1.0\\node_modules\\next\\dist\\server\\base-server.js:1518:42)\n    at async DevServer.renderToResponseWithComponentsImpl (D:\\codes\\CF-Workers-SUB-nodejs\\cf-sub-converter\\node_modules\\.pnpm\\next@15.3.3_react-dom@19.1.0_react@19.1.0__react@19.1.0\\node_modules\\next\\dist\\server\\base-server.js:1920:28)\n    at async DevServer.renderPageComponent (D:\\codes\\CF-Workers-SUB-nodejs\\cf-sub-converter\\node_modules\\.pnpm\\next@15.3.3_react-dom@19.1.0_react@19.1.0__react@19.1.0\\node_modules\\next\\dist\\server\\base-server.js:2408:24)\n    at async DevServer.renderToResponseImpl (D:\\codes\\CF-Workers-SUB-nodejs\\cf-sub-converter\\node_modules\\.pnpm\\next@15.3.3_react-dom@19.1.0_react@19.1.0__react@19.1.0\\node_modules\\next\\dist\\server\\base-server.js:2445:32)\n    at async DevServer.pipeImpl (D:\\codes\\CF-Workers-SUB-nodejs\\cf-sub-converter\\node_modules\\.pnpm\\next@15.3.3_react-dom@19.1.0_react@19.1.0__react@19.1.0\\node_modules\\next\\dist\\server\\base-server.js:1008:25)\n    at async NextNodeServer.handleCatchallRenderRequest (D:\\codes\\CF-Workers-SUB-nodejs\\cf-sub-converter\\node_modules\\.pnpm\\next@15.3.3_react-dom@19.1.0_react@19.1.0__react@19.1.0\\node_modules\\next\\dist\\server\\next-server.js:305:17)\n    at async DevServer.handleRequestImpl (D:\\codes\\CF-Workers-SUB-nodejs\\cf-sub-converter\\node_modules\\.pnpm\\next@15.3.3_react-dom@19.1.0_react@19.1.0__react@19.1.0\\node_modules\\next\\dist\\server\\base-server.js:900:17)\n    at async D:\\codes\\CF-Workers-SUB-nodejs\\cf-sub-converter\\node_modules\\.pnpm\\next@15.3.3_react-dom@19.1.0_react@19.1.0__react@19.1.0\\node_modules\\next\\dist\\server\\dev\\next-dev-server.js:371:20\n    at async Span.traceAsyncFn (D:\\codes\\CF-Workers-SUB-nodejs\\cf-sub-converter\\node_modules\\.pnpm\\next@15.3.3_react-dom@19.1.0_react@19.1.0__react@19.1.0\\node_modules\\next\\dist\\trace\\trace.js:157:20)\n    at async DevServer.handleRequest (D:\\codes\\CF-Workers-SUB-nodejs\\cf-sub-converter\\node_modules\\.pnpm\\next@15.3.3_react-dom@19.1.0_react@19.1.0__react@19.1.0\\node_modules\\next\\dist\\server\\dev\\next-dev-server.js:368:24)\n    at async invokeRender (D:\\codes\\CF-Workers-SUB-nodejs\\cf-sub-converter\\node_modules\\.pnpm\\next@15.3.3_react-dom@19.1.0_react@19.1.0__react@19.1.0\\node_modules\\next\\dist\\server\\lib\\router-server.js:237:21)\n    at async handleRequest (D:\\codes\\CF-Workers-SUB-nodejs\\cf-sub-converter\\node_modules\\.pnpm\\next@15.3.3_react-dom@19.1.0_react@19.1.0__react@19.1.0\\node_modules\\next\\dist\\server\\lib\\router-server.js:428:24)\n    at async requestHandlerImpl (D:\\codes\\CF-Workers-SUB-nodejs\\cf-sub-converter\\node_modules\\.pnpm\\next@15.3.3_react-dom@19.1.0_react@19.1.0__react@19.1.0\\node_modules\\next\\dist\\server\\lib\\router-server.js:452:13)\n    at async Server.requestListener (D:\\codes\\CF-Workers-SUB-nodejs\\cf-sub-converter\\node_modules\\.pnpm\\next@15.3.3_react-dom@19.1.0_react@19.1.0__react@19.1.0\\node_modules\\next\\dist\\server\\lib\\start-server.js:158:13)","timestamp":"2025-06-14T05:23:58.556Z"}
{"ip":"::1","level":"info","message":"Subscription request:","params":{"slug":["auto"]},"timestamp":"2025-06-14T05:26:56.779Z","url":"http://localhost:3000/auto?b64","userAgent":"ClashforWindows/0.20.6"}
{"length":0,"level":"info","message":"Retrieved stored content:","timestamp":"2025-06-14T05:26:56.781Z","token":"auto"}
{"level":"warn","message":"No subscription content found for token:","timestamp":"2025-06-14T05:26:56.781Z"}
{"ip":"::1","level":"warn","message":"Invalid token access attempt","timestamp":"2025-06-14T05:27:15.308Z","token":"auto","userAgent":"Mozilla/5.0 (Windows NT 10.0; Win64; x64) AppleWebKit/537.36 (KHTML, like Gecko) Chrome/137.0.0.0 Safari/537.36"}
{"ip":"::1","level":"warn","message":"Invalid token access attempt","timestamp":"2025-06-14T05:27:26.695Z","token":"auto","userAgent":"Mozilla/5.0 (Windows NT 10.0; Win64; x64) AppleWebKit/537.36 (KHTML, like Gecko) Chrome/137.0.0.0 Safari/537.36"}
{"ip":"::1","level":"warn","message":"Invalid token access attempt","timestamp":"2025-06-14T05:27:29.983Z","token":"auto","userAgent":"Mozilla/5.0 (Windows NT 10.0; Win64; x64) AppleWebKit/537.36 (KHTML, like Gecko) Chrome/137.0.0.0 Safari/537.36"}
{"ip":"::1","level":"info","message":"Edit API access:","path":"/api/edit","timestamp":"2025-06-14T05:27:36.905Z","token":"bbc","userAgent":"Mozilla/5.0 (Windows NT 10.0; Win64; x64) AppleWebKit/537.36 (KHTML, like Gecko) Chrome/137.0.0.0 Safari/537.36"}
{"ip":"::1","level":"info","message":"Subscription request:","params":{"slug":["bbc"]},"timestamp":"2025-06-14T05:27:47.867Z","url":"http://localhost:3000/bbc?surge","userAgent":"Mozilla/5.0 (Windows NT 10.0; Win64; x64) AppleWebKit/537.36 (KHTML, like Gecko) Chrome/137.0.0.0 Safari/537.36"}
{"level":"info","message":"Browser detected, redirecting to edit page","timestamp":"2025-06-14T05:27:47.869Z"}
{"ip":"::1","level":"info","message":"Edit API access:","path":"/api/edit","timestamp":"2025-06-14T05:27:48.640Z","token":"bbc","userAgent":"Mozilla/5.0 (Windows NT 10.0; Win64; x64) AppleWebKit/537.36 (KHTML, like Gecko) Chrome/137.0.0.0 Safari/537.36"}
{"ip":"::1","level":"warn","message":"Invalid token access attempt","timestamp":"2025-06-14T05:28:20.426Z","token":"auto","userAgent":"Mozilla/5.0 (Windows NT 10.0; Win64; x64) AppleWebKit/537.36 (KHTML, like Gecko) Chrome/137.0.0.0 Safari/537.36"}
{"ip":"::1","level":"info","message":"Subscription request:","params":{"slug":["bbc"]},"timestamp":"2025-06-14T05:28:20.882Z","url":"http://localhost:3000/bbc","userAgent":"Mozilla/5.0 (Windows NT 10.0; Win64; x64) AppleWebKit/537.36 (KHTML, like Gecko) Chrome/137.0.0.0 Safari/537.36"}
{"level":"info","message":"Browser detected, redirecting to edit page","timestamp":"2025-06-14T05:28:20.883Z"}
{"ip":"::1","level":"info","message":"Edit API access:","path":"/api/edit","timestamp":"2025-06-14T05:28:21.359Z","token":"bbc","userAgent":"Mozilla/5.0 (Windows NT 10.0; Win64; x64) AppleWebKit/537.36 (KHTML, like Gecko) Chrome/137.0.0.0 Safari/537.36"}
{"ip":"::1","level":"info","message":"Subscription request:","params":{"slug":["auto"]},"timestamp":"2025-06-14T05:28:27.403Z","url":"http://localhost:3000/auto","userAgent":"Mozilla/5.0 (Windows NT 10.0; Win64; x64) AppleWebKit/537.36 (KHTML, like Gecko) Chrome/137.0.0.0 Safari/537.36"}
{"ip":"::1","level":"warn","message":"Invalid token access:","timestamp":"2025-06-14T05:28:27.403Z","token":"auto"}
{"ip":"::1","level":"info","message":"Subscription request:","params":{"slug":["zxcv"]},"timestamp":"2025-06-14T05:28:31.288Z","url":"http://localhost:3000/zxcv","userAgent":"Mozilla/5.0 (Windows NT 10.0; Win64; x64) AppleWebKit/537.36 (KHTML, like Gecko) Chrome/137.0.0.0 Safari/537.36"}
{"ip":"::1","level":"warn","message":"Invalid token access:","timestamp":"2025-06-14T05:28:31.289Z","token":"zxcv"}
{"ip":"::1","level":"info","message":"Subscription request:","params":{"slug":["auto"]},"timestamp":"2025-06-14T05:33:00.608Z","url":"http://localhost:3000/auto?b64","userAgent":"v2rayN/6.23"}
{"ip":"::1","level":"warn","message":"Invalid token access:","timestamp":"2025-06-14T05:33:00.609Z","token":"auto"}
{"ip":"::1","level":"info","message":"Subscription request:","params":{"slug":["auto"]},"timestamp":"2025-06-14T05:33:00.618Z","url":"http://localhost:3000/auto?b64","userAgent":"v2rayN/6.23"}
{"ip":"::1","level":"warn","message":"Invalid token access:","timestamp":"2025-06-14T05:33:00.618Z","token":"auto"}
{"ip":"::1","level":"info","message":"Subscription request:","params":{"slug":["auto"]},"timestamp":"2025-06-14T05:33:00.627Z","url":"http://localhost:3000/auto?b64","userAgent":"unknown"}
{"ip":"::1","level":"warn","message":"Invalid token access:","timestamp":"2025-06-14T05:33:00.627Z","token":"auto"}
{"ip":"::1","level":"info","message":"Subscription request:","params":{"slug":["auto"]},"timestamp":"2025-06-14T05:33:09.149Z","url":"http://localhost:3000/auto?b64","userAgent":"v2rayN/6.23"}
{"ip":"::1","level":"warn","message":"Invalid token access:","timestamp":"2025-06-14T05:33:09.149Z","token":"auto"}
{"ip":"::1","level":"info","message":"Subscription request:","params":{"slug":["auto"]},"timestamp":"2025-06-14T05:33:09.156Z","url":"http://localhost:3000/auto?b64","userAgent":"v2rayN/6.23"}
{"ip":"::1","level":"warn","message":"Invalid token access:","timestamp":"2025-06-14T05:33:09.156Z","token":"auto"}
{"ip":"::1","level":"info","message":"Subscription request:","params":{"slug":["auto"]},"timestamp":"2025-06-14T05:33:09.164Z","url":"http://localhost:3000/auto?b64","userAgent":"unknown"}
{"ip":"::1","level":"warn","message":"Invalid token access:","timestamp":"2025-06-14T05:33:09.165Z","token":"auto"}
{"ip":"::1","level":"info","message":"Subscription request:","params":{"slug":["bbc"]},"timestamp":"2025-06-14T05:33:28.049Z","url":"http://localhost:3000/bbc?b64","userAgent":"v2rayN/6.23"}
{"length":0,"level":"info","message":"Retrieved stored content:","timestamp":"2025-06-14T05:33:28.050Z","token":"bbc"}
{"level":"warn","message":"No subscription content found for token:","timestamp":"2025-06-14T05:33:28.050Z"}
{"ip":"::1","level":"info","message":"Subscription request:","params":{"slug":["bbc"]},"timestamp":"2025-06-14T05:33:28.060Z","url":"http://localhost:3000/bbc?b64","userAgent":"v2rayN/6.23"}
{"length":0,"level":"info","message":"Retrieved stored content:","timestamp":"2025-06-14T05:33:28.061Z","token":"bbc"}
{"level":"warn","message":"No subscription content found for token:","timestamp":"2025-06-14T05:33:28.061Z"}
{"ip":"::1","level":"info","message":"Subscription request:","params":{"slug":["bbc"]},"timestamp":"2025-06-14T05:33:28.071Z","url":"http://localhost:3000/bbc?b64","userAgent":"unknown"}
{"length":0,"level":"info","message":"Retrieved stored content:","timestamp":"2025-06-14T05:33:28.071Z","token":"bbc"}
{"level":"warn","message":"No subscription content found for token:","timestamp":"2025-06-14T05:33:28.072Z"}
{"ip":"::1","level":"info","message":"Subscription request:","params":{"slug":["bbc"]},"timestamp":"2025-06-14T05:33:41.331Z","url":"http://localhost:3000/bbc","userAgent":"Mozilla/5.0 (Windows NT 10.0; Win64; x64) AppleWebKit/537.36 (KHTML, like Gecko) Chrome/137.0.0.0 Safari/537.36"}
{"level":"info","message":"Browser detected, redirecting to edit page","timestamp":"2025-06-14T05:33:41.332Z"}
{"ip":"::1","level":"info","message":"Edit API access:","path":"/api/edit","timestamp":"2025-06-14T05:33:41.851Z","token":"bbc","userAgent":"Mozilla/5.0 (Windows NT 10.0; Win64; x64) AppleWebKit/537.36 (KHTML, like Gecko) Chrome/137.0.0.0 Safari/537.36"}
{"ip":"::1","level":"info","message":"Subscription request:","params":{"slug":["bbc"]},"timestamp":"2025-06-14T05:33:50.897Z","url":"http://localhost:3000/bbc?b64","userAgent":"v2rayN/6.23"}
{"length":0,"level":"info","message":"Retrieved stored content:","timestamp":"2025-06-14T05:33:50.898Z","token":"bbc"}
{"level":"warn","message":"No subscription content found for token:","timestamp":"2025-06-14T05:33:50.898Z"}
{"ip":"::1","level":"info","message":"Subscription request:","params":{"slug":["bbc"]},"timestamp":"2025-06-14T05:33:50.905Z","url":"http://localhost:3000/bbc?b64","userAgent":"v2rayN/6.23"}
{"length":0,"level":"info","message":"Retrieved stored content:","timestamp":"2025-06-14T05:33:50.905Z","token":"bbc"}
{"level":"warn","message":"No subscription content found for token:","timestamp":"2025-06-14T05:33:50.905Z"}
{"ip":"::1","level":"info","message":"Subscription request:","params":{"slug":["bbc"]},"timestamp":"2025-06-14T05:33:50.914Z","url":"http://localhost:3000/bbc?b64","userAgent":"unknown"}
{"length":0,"level":"info","message":"Retrieved stored content:","timestamp":"2025-06-14T05:33:50.914Z","token":"bbc"}
{"level":"warn","message":"No subscription content found for token:","timestamp":"2025-06-14T05:33:50.915Z"}
{"contentLength":3162,"level":"info","message":"Subscription content saved","storageStats":{"lastUpdated":"2025-06-14T05:34:16.138Z","tokens":["bbc"],"totalTokens":1},"timestamp":"2025-06-14T05:34:16.139Z","token":"bbc"}
{"ip":"::1","level":"info","message":"Subscription request:","params":{"slug":["bbc"]},"timestamp":"2025-06-14T05:34:21.537Z","url":"http://localhost:3000/bbc?b64","userAgent":"v2rayN/6.23"}
{"length":3162,"level":"info","message":"Retrieved stored content:","timestamp":"2025-06-14T05:34:21.538Z","token":"bbc"}
{"level":"info","message":"Starting data aggregation and classification","timestamp":"2025-06-14T05:34:21.538Z"}
{"input":3162,"level":"debug","message":"ADD function processed data:","output":6,"timestamp":"2025-06-14T05:34:21.539Z"}
{"level":"info","message":"Data classification completed:","selfBuiltNodes":6,"subscriptionLinks":0,"timestamp":"2025-06-14T05:34:21.539Z","totalLinks":6}
{"input":0,"level":"debug","message":"ADD function processed data:","output":0,"timestamp":"2025-06-14T05:34:21.539Z"}
{"hasConversionUrls":false,"level":"info","message":"Format detection:","timestamp":"2025-06-14T05:34:21.539Z","userAgent":"v2rayN/6.23","订阅格式":"base64"}
{"base64Length":4216,"level":"info","message":"Returning base64 subscription:","nodeCount":6,"originalLength":3161,"timestamp":"2025-06-14T05:34:21.540Z"}
{"ip":"::1","level":"info","message":"Subscription request:","params":{"slug":["bbc"]},"timestamp":"2025-06-14T05:34:43.724Z","url":"http://localhost:3000/bbc","userAgent":"v2rayN/6.23"}
{"length":3162,"level":"info","message":"Retrieved stored content:","timestamp":"2025-06-14T05:34:43.725Z","token":"bbc"}
{"level":"info","message":"Starting data aggregation and classification","timestamp":"2025-06-14T05:34:43.725Z"}
{"input":3162,"level":"debug","message":"ADD function processed data:","output":6,"timestamp":"2025-06-14T05:34:43.725Z"}
{"level":"info","message":"Data classification completed:","selfBuiltNodes":6,"subscriptionLinks":0,"timestamp":"2025-06-14T05:34:43.725Z","totalLinks":6}
{"input":0,"level":"debug","message":"ADD function processed data:","output":0,"timestamp":"2025-06-14T05:34:43.725Z"}
{"hasConversionUrls":false,"level":"info","message":"Format detection:","timestamp":"2025-06-14T05:34:43.725Z","userAgent":"v2rayN/6.23","订阅格式":"base64"}
{"base64Length":4216,"level":"info","message":"Returning base64 subscription:","nodeCount":6,"originalLength":3161,"timestamp":"2025-06-14T05:34:43.726Z"}
{"ip":"::1","level":"info","message":"Subscription request:","params":{"slug":["bbc"]},"timestamp":"2025-06-14T05:34:52.525Z","url":"http://localhost:3000/bbc","userAgent":"ClashforWindows/0.20.6"}
{"length":3162,"level":"info","message":"Retrieved stored content:","timestamp":"2025-06-14T05:34:52.525Z","token":"bbc"}
{"level":"info","message":"Starting data aggregation and classification","timestamp":"2025-06-14T05:34:52.525Z"}
{"input":3162,"level":"debug","message":"ADD function processed data:","output":6,"timestamp":"2025-06-14T05:34:52.526Z"}
{"level":"info","message":"Data classification completed:","selfBuiltNodes":6,"subscriptionLinks":0,"timestamp":"2025-06-14T05:34:52.526Z","totalLinks":6}
{"input":0,"level":"debug","message":"ADD function processed data:","output":0,"timestamp":"2025-06-14T05:34:52.526Z"}
{"hasConversionUrls":false,"level":"info","message":"Format detection:","timestamp":"2025-06-14T05:34:52.527Z","userAgent":"ClashforWindows/0.20.6","订阅格式":"base64"}
{"base64Length":4216,"level":"info","message":"Returning base64 subscription:","nodeCount":6,"originalLength":3161,"timestamp":"2025-06-14T05:34:52.527Z"}
{"ip":"::1","level":"info","message":"Subscription request:","params":{"slug":["bbc"]},"timestamp":"2025-06-14T05:35:04.876Z","url":"http://localhost:3000/bbc","userAgent":"ClashforWindows/0.20.6"}
{"length":3162,"level":"info","message":"Retrieved stored content:","timestamp":"2025-06-14T05:35:04.877Z","token":"bbc"}
{"level":"info","message":"Starting data aggregation and classification","timestamp":"2025-06-14T05:35:04.877Z"}
{"input":3162,"level":"debug","message":"ADD function processed data:","output":6,"timestamp":"2025-06-14T05:35:04.877Z"}
{"level":"info","message":"Data classification completed:","selfBuiltNodes":6,"subscriptionLinks":0,"timestamp":"2025-06-14T05:35:04.878Z","totalLinks":6}
{"input":0,"level":"debug","message":"ADD function processed data:","output":0,"timestamp":"2025-06-14T05:35:04.878Z"}
{"hasConversionUrls":false,"level":"info","message":"Format detection:","timestamp":"2025-06-14T05:35:04.878Z","userAgent":"ClashforWindows/0.20.6","订阅格式":"base64"}
{"base64Length":4216,"level":"info","message":"Returning base64 subscription:","nodeCount":6,"originalLength":3161,"timestamp":"2025-06-14T05:35:04.878Z"}
